<?xml version="1.0" encoding="utf-8"?><testsuites name="pytest tests"><testsuite name="pytest" errors="0" failures="0" skipped="0" tests="9" time="6.924" timestamp="2026-03-04T09:14:59.083953+00:00" hostname="agent-env-c325362c-1be1-450d-a1ad-cc1fb45ba828"><testcase classname="backend.tests.test_stage331.TestBookingAPI" name="test_booking_create_guest" time="3.438" /><testcase classname="backend.tests.test_stage331.TestBookingAPI" name="test_booking_create_missing_fields" time="0.012" /><testcase classname="backend.tests.test_stage331.TestBookingAPI" name="test_booking_list_by_listing" time="0.282" /><testcase classname="backend.tests.test_stage331.TestBookingAPI" name="test_booking_list_by_partner" time="0.281" /><testcase classname="backend.tests.test_stage331.TestAdminStats" name="test_admin_stats_returns_data" time="0.162" /><testcase classname="backend.tests.test_stage331.TestPartnerStats" name="test_partner_stats_requires_partner_id" time="0.378" /><testcase classname="backend.tests.test_stage331.TestPartnerStats" name="test_partner_stats_returns_data" time="1.839" /><testcase classname="backend.tests.test_stage331.TestListingsAPI" name="test_listings_returns_active" time="0.419" /><testcase classname="backend.tests.test_stage331.TestRLSSQLScript" name="test_rls_script_v2_exists" time="0.001" /></testsuite></testsuites>