<?xml version="1.0" encoding="utf-8"?><testsuites name="pytest tests"><testsuite name="pytest" errors="0" failures="0" skipped="0" tests="11" time="3.561" timestamp="2026-03-04T05:29:54.943238+00:00" hostname="agent-env-c325362c-1be1-450d-a1ad-cc1fb45ba828"><testcase classname="backend.tests.test_stage322_cron.TestPayoutCronAPI" name="test_payout_cron_with_vercel_header" time="1.278" /><testcase classname="backend.tests.test_stage322_cron.TestPayoutCronAPI" name="test_payout_cron_with_secret_header" time="0.290" /><testcase classname="backend.tests.test_stage322_cron.TestPayoutCronAPI" name="test_payout_cron_with_bearer_token" time="0.297" /><testcase classname="backend.tests.test_stage322_cron.TestPayoutCronAPI" name="test_payout_cron_unauthorized" time="0.009" /><testcase classname="backend.tests.test_stage322_cron.TestPayoutCronAPI" name="test_payout_cron_get_status" time="0.578" /><testcase classname="backend.tests.test_stage322_cron.TestCheckinReminderCronAPI" name="test_checkin_cron_with_vercel_header" time="0.413" /><testcase classname="backend.tests.test_stage322_cron.TestCheckinReminderCronAPI" name="test_checkin_cron_with_secret_header" time="0.285" /><testcase classname="backend.tests.test_stage322_cron.TestCheckinReminderCronAPI" name="test_checkin_cron_unauthorized" time="0.008" /><testcase classname="backend.tests.test_stage322_cron.TestCheckinReminderCronAPI" name="test_checkin_cron_get_status" time="0.276" /><testcase classname="backend.tests.test_stage322_cron.TestCronSecurity" name="test_wrong_secret_rejected" time="0.012" /><testcase classname="backend.tests.test_stage322_cron.TestCronSecurity" name="test_empty_bearer_rejected" time="0.010" /></testsuite></testsuites>