<?xml version="1.0" encoding="utf-8"?><testsuites name="pytest tests"><testsuite name="pytest" errors="0" failures="1" skipped="0" tests="7" time="24.049" timestamp="2026-03-16T03:24:39.905267+00:00" hostname="agent-env-643a83fa-93f2-44d4-8c6c-1ff37bf85720"><testcase classname="test_reports.pytest.test_booking_flow_rls_v23.TestCalendarAPI" name="test_calendar_api_returns_data" time="0.006" /><testcase classname="test_reports.pytest.test_booking_flow_rls_v23.TestCalendarAPI" name="test_calendar_availability_check" time="0.005" /><testcase classname="test_reports.pytest.test_booking_flow_rls_v23.TestBookingsAPI" name="test_create_booking_success" time="6.236" /><testcase classname="test_reports.pytest.test_booking_flow_rls_v23.TestBookingsAPI" name="test_get_renter_bookings" time="5.661" /><testcase classname="test_reports.pytest.test_booking_flow_rls_v23.TestBookingsAPI" name="test_calendar_shows_blocked_dates_after_booking" time="5.666"><failure message="AssertionError: Booked date should be blocked. Got status=AVAILABLE, can_check_in=True&#10;assert ('AVAILABLE' == 'BLOCKED'&#10;  &#10;  - BLOCKED&#10;  + AVAILABLE or not True)">test_reports/pytest/test_booking_flow_rls_v23.py:181: in test_calendar_shows_blocked_dates_after_booking
    assert check_in_day["status"] == "BLOCKED" or not check_in_day["can_check_in"], \
E   AssertionError: Booked date should be blocked. Got status=AVAILABLE, can_check_in=True
E   assert ('AVAILABLE' == 'BLOCKED'
E     
E     - BLOCKED
E     + AVAILABLE or not True)</failure></testcase><testcase classname="test_reports.pytest.test_booking_flow_rls_v23.TestDoubleBookingPrevention" name="test_double_booking_rejected" time="6.081" /><testcase classname="test_reports.pytest.test_booking_flow_rls_v23.TestCleanup" name="test_cleanup_test_bookings" time="0.326" /></testsuite></testsuites>