<?xml version="1.0" encoding="utf-8"?><testsuites name="pytest tests"><testsuite name="pytest" errors="0" failures="0" skipped="0" tests="7" time="5.078" timestamp="2026-03-11T13:10:06.485180+00:00" hostname="agent-env-c325362c-1be1-450d-a1ad-cc1fb45ba828"><testcase classname="test_reports.pytest.test_bug_fixes_v8.TestAvailabilityAPI" name="test_availability_without_date_params" time="0.373" /><testcase classname="test_reports.pytest.test_bug_fixes_v8.TestAvailabilityAPI" name="test_availability_with_date_params" time="0.283" /><testcase classname="test_reports.pytest.test_bug_fixes_v8.TestBookingCreation" name="test_create_booking_with_commission_fields" time="3.249" /><testcase classname="test_reports.pytest.test_bug_fixes_v8.TestBookingCreation" name="test_booking_has_commission_breakdown" time="0.295" /><testcase classname="test_reports.pytest.test_bug_fixes_v8.TestCheckoutAPI" name="test_get_booking_by_id" time="0.028" /><testcase classname="test_reports.pytest.test_bug_fixes_v8.TestCheckoutAPI" name="test_get_nonexistent_booking" time="0.268" /><testcase classname="test_reports.pytest.test_bug_fixes_v8.TestCommissionAPI" name="test_commission_returns_correct_rate" time="0.522" /></testsuite></testsuites>