<?xml version="1.0" encoding="utf-8"?><testsuites name="pytest tests"><testsuite name="pytest" errors="0" failures="3" skipped="8" tests="24" time="11.650" timestamp="2026-03-16T12:56:57.775059+00:00" hostname="agent-env-643a83fa-93f2-44d4-8c6c-1ff37bf85720"><testcase classname="test_reports.pytest.test_comprehensive_e2e_v25.TestHomepageAndSearch" name="test_homepage_search_api_returns_listings" time="0.012" /><testcase classname="test_reports.pytest.test_comprehensive_e2e_v25.TestHomepageAndSearch" name="test_search_by_location" time="0.531" /><testcase classname="test_reports.pytest.test_comprehensive_e2e_v25.TestHomepageAndSearch" name="test_search_by_category" time="0.729" /><testcase classname="test_reports.pytest.test_comprehensive_e2e_v25.TestHomepageAndSearch" name="test_search_by_date_range" time="5.524" /><testcase classname="test_reports.pytest.test_comprehensive_e2e_v25.TestHomepageAndSearch" name="test_search_by_price_range" time="0.261" /><testcase classname="test_reports.pytest.test_comprehensive_e2e_v25.TestListingDetail" name="test_listing_detail_api" time="1.657" /><testcase classname="test_reports.pytest.test_comprehensive_e2e_v25.TestListingDetail" name="test_listing_calendar_api" time="0.753" /><testcase classname="test_reports.pytest.test_comprehensive_e2e_v25.TestBookingFlow" name="test_booking_availability_check" time="0.019"><skipped type="pytest.skip" message="Renter authentication failed">/app/test_reports/pytest/test_comprehensive_e2e_v25.py:214: Renter authentication failed</skipped></testcase><testcase classname="test_reports.pytest.test_comprehensive_e2e_v25.TestBookingFlow" name="test_create_booking_api" time="0.000"><skipped type="pytest.skip" message="Renter authentication failed">/app/test_reports/pytest/test_comprehensive_e2e_v25.py:225: Renter authentication failed</skipped></testcase><testcase classname="test_reports.pytest.test_comprehensive_e2e_v25.TestBookingFlow" name="test_get_renter_bookings" time="0.000"><skipped type="pytest.skip" message="Renter authentication failed">/app/test_reports/pytest/test_comprehensive_e2e_v25.py:247: Renter authentication failed</skipped></testcase><testcase classname="test_reports.pytest.test_comprehensive_e2e_v25.TestCalendarBlocking" name="test_calendar_shows_blocked_dates" time="0.773" /><testcase classname="test_reports.pytest.test_comprehensive_e2e_v25.TestPartnerDashboard" name="test_partner_stats_api" time="0.015"><skipped type="pytest.skip" message="Partner authentication failed">/app/test_reports/pytest/test_comprehensive_e2e_v25.py:291: Partner authentication failed</skipped></testcase><testcase classname="test_reports.pytest.test_comprehensive_e2e_v25.TestPartnerDashboard" name="test_partner_bookings_api" time="0.000"><skipped type="pytest.skip" message="Partner authentication failed">/app/test_reports/pytest/test_comprehensive_e2e_v25.py:304: Partner authentication failed</skipped></testcase><testcase classname="test_reports.pytest.test_comprehensive_e2e_v25.TestPartnerDashboard" name="test_partner_listings_api" time="0.000"><skipped type="pytest.skip" message="Partner authentication failed">/app/test_reports/pytest/test_comprehensive_e2e_v25.py:316: Partner authentication failed</skipped></testcase><testcase classname="test_reports.pytest.test_comprehensive_e2e_v25.TestAdminPanel" name="test_admin_users_list_api" time="0.295" /><testcase classname="test_reports.pytest.test_comprehensive_e2e_v25.TestAdminPanel" name="test_admin_revalidate_api" time="0.010" /><testcase classname="test_reports.pytest.test_comprehensive_e2e_v25.TestCommissionCalculation" name="test_partner_custom_commission" time="0.000"><skipped type="pytest.skip" message="Partner authentication failed">/app/test_reports/pytest/test_comprehensive_e2e_v25.py:368: Partner authentication failed</skipped></testcase><testcase classname="test_reports.pytest.test_comprehensive_e2e_v25.TestCommissionCalculation" name="test_global_commission_fallback" time="0.289" /><testcase classname="test_reports.pytest.test_comprehensive_e2e_v25.TestReviewsAPI" name="test_listing_reviews_api" time="0.535" /><testcase classname="test_reports.pytest.test_comprehensive_e2e_v25.TestFavoritesAPI" name="test_favorites_api" time="0.000"><skipped type="pytest.skip" message="Renter authentication failed">/app/test_reports/pytest/test_comprehensive_e2e_v25.py:431: Renter authentication failed</skipped></testcase><testcase classname="test_reports.pytest.test_comprehensive_e2e_v25.TestAuthentication" name="test_login_valid_renter" time="0.017"><failure message="AssertionError: Login failed: &lt;!DOCTYPE html&gt;&lt;html lang=&quot;en&quot;&gt;&lt;head&gt;&lt;meta charSet=&quot;utf-8&quot;/&gt;&lt;meta name=&quot;viewport&quot; content=&quot;width=device-width, initial-scale=1, maximum-scale=1, user-scalable=no&quot;/&gt;&lt;link rel=&quot;stylesheet&quot; href=&quot;/_next/static/css/356b162e06f5f7fe.css&quot; data-precedence=&quot;next&quot;/&gt;&lt;link rel=&quot;stylesheet&quot; href=&quot;/_next/static/css/7087c9d90474d9b6.css&quot; data-precedence=&quot;next&quot;/&gt;&lt;link rel=&quot;preload&quot; as=&quot;script&quot; fetchPriority=&quot;low&quot; href=&quot;/_next/static/chunks/webpack-6892a2dc2ffc8f6d.js&quot;/&gt;&lt;script src=&quot;/_next/static/chunks/fd9d1056-c9f96fb20e241b43.js&quot; async=&quot;&quot;&gt;&lt;/script&gt;&lt;script src=&quot;/_next/static/chunks/7023-f4e51b7db23eb561.js&quot; async=&quot;&quot;&gt;&lt;/script&gt;&lt;script src=&quot;/_next/static/chunks/main-app-55bbd77d79f9187f.js&quot; async=&quot;&quot;&gt;&lt;/script&gt;&lt;script src=&quot;/_next/static/chunks/7877-cbefd0b46b02e9c4.js&quot; async=&quot;&quot;&gt;&lt;/script&gt;&lt;script src=&quot;/_next/static/chunks/7776-5971d9e696e6574c.js&quot; async=&quot;&quot;&gt;&lt;/script&gt;&lt;script src=&quot;/_next/static/chunks/7138-d3b5c9d7e13d47b0.js&quot; async=&quot;&quot;&gt;&lt;/script&gt;&lt;script src=&quot;/_next/static/chunks/2889-6b9f6864fdf07e8e.js&quot; async=&quot;&quot;&gt;&lt;/script&gt;&lt;script src=&quot;/_next/static/chunks/7515-5284339c20e02f2b.js&quot; async=&quot;&quot;&gt;&lt;/script&gt;&lt;script src=&quot;/_next/static/chunks/5756-5c6eee7035d1367d.js&quot; async=&quot;&quot;&gt;&lt;/script&gt;&lt;script src=&quot;/_next/static/chunks/5510-32b4cc654e2434f2.js&quot; async=&quot;&quot;&gt;&lt;/script&gt;&lt;script src=&quot;/_next/static/chunks/3292-c6e3b7fe95c24693.js&quot; async=&quot;&quot;&gt;&lt;/script&gt;&lt;script src=&quot;/_next/static/chunks/8073-21c5aad119610172.js&quot; async=&quot;&quot;&gt;&lt;/script&gt;&lt;script src=&quot;/_next/static/chunks/app/layout-365f3e6461494bb7.js&quot; async=&quot;&quot;&gt;&lt;/script&gt;&lt;meta name=&quot;robots&quot; content=&quot;noindex&quot;/&gt;&lt;link rel=&quot;apple-touch-icon&quot; href=&quot;/icons/icon-192x192.png&quot;/&gt;&lt;link rel=&quot;icon&quot; href=&quot;/favicon.ico&quot;/&gt;&lt;meta name=&quot;apple-mobile-web-app-capable&quot; content=&quot;yes&quot;/&gt;&lt;meta name=&quot;apple-mobile-web-app-status-bar-style&quot; content=&quot;default&quot;/&gt;&lt;meta name=&quot;apple-mobile-web-app-title&quot; content=&quot;Gostaylo&quot;/&gt;&lt;meta name=&quot;theme-color&quot; content=&quot;#0d9488&quot;/&gt;&lt;title&gt;404: This page could not be found.&lt;/title&gt;&lt;meta name=&quot;theme-color&quot; content=&quot;#0d9488&quot;/&gt;&lt;title&gt;Gostaylo - Premium Global Rentals&lt;/title&gt;&lt;meta name=&quot;description&quot; content=&quot;Premium villas, yachts, transport and tours worldwide. Book your perfect stay with Gostaylo.&quot;/&gt;&lt;meta name=&quot;author&quot; content=&quot;Gostaylo&quot;/&gt;&lt;link rel=&quot;manifest&quot; href=&quot;/manifest.json&quot; crossorigin=&quot;use-credentials&quot;/&gt;&lt;meta name=&quot;keywords&quot; content=&quot;rentals, villas, yachts, phuket, thailand, luxury, vacation, holiday&quot;/&gt;&lt;meta name=&quot;apple-mobile-web-app-capable&quot; content=&quot;yes&quot;/&gt;&lt;meta name=&quot;apple-mobile-web-app-title&quot; content=&quot;Gostaylo&quot;/&gt;&lt;meta name=&quot;apple-mobile-web-app-status-bar-style&quot; content=&quot;default&quot;/&gt;&lt;meta property=&quot;og:title&quot; content=&quot;Gostaylo - Premium Global Rentals&quot;/&gt;&lt;meta property=&quot;og:description&quot; content=&quot;Premium villas, yachts, transport and tours worldwide. Book your perfect stay.&quot;/&gt;&lt;meta property=&quot;og:url&quot; content=&quot;https://www.gostaylo.com&quot;/&gt;&lt;meta property=&quot;og:site_name&quot; content=&quot;Gostaylo&quot;/&gt;&lt;meta property=&quot;og:locale&quot; content=&quot;en_US&quot;/&gt;&lt;meta property=&quot;og:image&quot; content=&quot;https://www.gostaylo.com/og-image.png&quot;/&gt;&lt;meta property=&quot;og:image:width&quot; content=&quot;1200&quot;/&gt;&lt;meta property=&quot;og:image:height&quot; content=&quot;630&quot;/&gt;&lt;meta property=&quot;og:image:alt&quot; content=&quot;Gostaylo - Premium Global Rentals&quot;/&gt;&lt;meta property=&quot;og:type&quot; content=&quot;website&quot;/&gt;&lt;meta name=&quot;twitter:card&quot; content=&quot;summary_large_image&quot;/&gt;&lt;meta name=&quot;twitter:title&quot; content=&quot;Gostaylo - Premium Global Rentals&quot;/&gt;&lt;meta name=&quot;twitter:description&quot; content=&quot;Premium villas, yachts, transport and tours worldwide.&quot;/&gt;&lt;meta name=&quot;twitter:image&quot; content=&quot;https://www.gostaylo.com/og-image.png&quot;/&gt;&lt;meta name=&quot;next-size-adjust&quot;/&gt;&lt;script src=&quot;/_next/static/chunks/polyfills-78c92fac7aa8fdd8.js&quot; noModule=&quot;&quot;&gt;&lt;/script&gt;&lt;/head&gt;&lt;body class=&quot;__className_fcbcbf&quot;&gt;&lt;div class=&quot;pt-14&quot;&gt;&lt;div style=&quot;font-family:system-ui,&amp;quot;Segoe UI&amp;quot;,Roboto,Helvetica,Arial,sans-serif,&amp;quot;Apple Color Emoji&amp;quot;,&amp;quot;Segoe UI Emoji&amp;quot;;height:100vh;text-align:center;display:flex;flex-direction:column;align-items:center;justify-content:center&quot;&gt;&lt;div&gt;&lt;style&gt;body{color:#000;background:#fff;margin:0}.next-error-h1{border-right:1px solid rgba(0,0,0,.3)}@media (prefers-color-scheme:dark){body{color:#fff;background:#000}.next-error-h1{border-right:1px solid rgba(255,255,255,.3)}}&lt;/style&gt;&lt;h1 class=&quot;next-error-h1&quot; style=&quot;display:inline-block;margin:0 20px 0 0;padding:0 23px 0 0;font-size:24px;font-weight:500;vertical-align:top;line-height:49px&quot;&gt;404&lt;/h1&gt;&lt;div style=&quot;display:inline-block&quot;&gt;&lt;h2 style=&quot;font-size:14px;font-weight:400;line-height:49px;margin:0&quot;&gt;This page could not be found.&lt;/h2&gt;&lt;/div&gt;&lt;/div&gt;&lt;/div&gt;&lt;/div&gt;&lt;section aria-label=&quot;Notifications alt+T&quot; tabindex=&quot;-1&quot; aria-live=&quot;polite&quot; aria-relevant=&quot;additions text&quot; aria-atomic=&quot;false&quot;&gt;&lt;/section&gt;&lt;script src=&quot;/_next/static/chunks/webpack-6892a2dc2ffc8f6d.js&quot; async=&quot;&quot;&gt;&lt;/script&gt;&lt;script&gt;(self.__next_f=self.__next_f||[]).push([0]);self.__next_f.push([2,null])&lt;/script&gt;&lt;script&gt;self.__next_f.push([1,&quot;1:HL[\&quot;/_next/static/media/21350d82a1f187e9-s.p.woff2\&quot;,\&quot;font\&quot;,{\&quot;crossOrigin\&quot;:\&quot;\&quot;,\&quot;type\&quot;:\&quot;font/woff2\&quot;}]\n2:HL[\&quot;/_next/static/media/e4af272ccee01ff0-s.p.woff2\&quot;,\&quot;font\&quot;,{\&quot;crossOrigin\&quot;:\&quot;\&quot;,\&quot;type\&quot;:\&quot;font/woff2\&quot;}]\n3:HL[\&quot;/_next/static/css/356b162e06f5f7fe.css\&quot;,\&quot;style\&quot;]\n4:HL[\&quot;/_next/static/css/7087c9d90474d9b6.css\&quot;,\&quot;style\&quot;]\n&quot;])&lt;/script&gt;&lt;script&gt;self.__next_f.push([1,&quot;5:I[95751,[],\&quot;\&quot;]\n7:I[39275,[],\&quot;\&quot;]\n8:I[61343,[],\&quot;\&quot;]\n9:I[18073,[\&quot;7877\&quot;,\&quot;static/chunks/7877-cbefd0b46b02e9c4.js\&quot;,\&quot;7776\&quot;,\&quot;static/chunks/7776-5971d9e696e6574c.js\&quot;,\&quot;7138\&quot;,\&quot;static/chunks/7138-d3b5c9d7e13d47b0.js\&quot;,\&quot;2889\&quot;,\&quot;static/chunks/2889-6b9f6864fdf07e8e.js\&quot;,\&quot;7515\&quot;,\&quot;static/chunks/7515-5284339c20e02f2b.js\&quot;,\&quot;5756\&quot;,\&quot;static/chunks/5756-5c6eee7035d1367d.js\&quot;,\&quot;5510\&quot;,\&quot;static/chunks/5510-32b4cc654e2434f2.js\&quot;,\&quot;3292\&quot;,\&quot;static/chunks/3292-c6e3b7fe95c24693.js\&quot;,\&quot;8073\&quot;,\&quot;static/chunks/8073-21c5aad119610172.js\&quot;,\&quot;3185\&quot;,\&quot;static/chunks/app/layout-365f3e6461494bb7.js\&quot;],\&quot;AuthProvider\&quot;]\na:I[24328,[\&quot;7877\&quot;,\&quot;static/chunks/7877-cbefd0b46b02e9c4.js\&quot;,\&quot;7776\&quot;,\&quot;static/chunks/7776-5971d9e696e6574c.js\&quot;,\&quot;7138\&quot;,\&quot;static/chunks/7138-d3b5c9d7e13d47b0.js\&quot;,\&quot;2889\&quot;,\&quot;static/chunks/2889-6b9f6864fdf07e8e.js\&quot;,\&quot;7515\&quot;,\&quot;static/chunks/7515-5284339c20e02f2b.js\&quot;,\&quot;5756\&quot;,\&quot;static/chunks/5756-5c6eee7035d1367d.js\&quot;,\&quot;5510\&quot;,\&quot;static/chunks/5510-32b4cc654e2434f2.js\&quot;,\&quot;3292\&quot;,\&quot;static/chunks/3292-c6e3b7fe95c24693.js\&quot;,\&quot;8073\&quot;,\&quot;static/chunks/8073-21c5aad119610172.js\&quot;,\&quot;3185\&quot;,\&quot;static/chunks/app/layout-365f3e6461494bb7.js\&quot;],\&quot;UniversalHeader\&quot;]\nb:I[63203,[\&quot;7877\&quot;,\&quot;static/chunks/7877-cbefd0b46b02e9c4.js\&quot;,\&quot;7776\&quot;,\&quot;static/chunks/7776-5971d9e696e6574c.js\&quot;,\&quot;7138\&quot;,\&quot;static/chunks/7138-d3b5c9d7e13d47b0.js\&quot;,\&quot;2889\&quot;,\&quot;static/chunks/2889-6b9f6864fdf07e8e.js\&quot;,\&quot;7515\&quot;,\&quot;static/chunks/7515-5284339c20e02f2b.js\&quot;,\&quot;5756\&quot;,\&quot;static/chunks/5756-5c6eee7035d1367d.js\&quot;,\&quot;5510\&quot;,\&quot;static/chunks/5510-32b4cc654e2434f2.js\&quot;,\&quot;3292\&quot;,\&quot;static/chunks/3292-c6e3b7fe95c24693.js\&quot;,\&quot;8073\&quot;,\&quot;static/chunks/8073-21c5aad119610172.js\&quot;,\&quot;3185\&quot;,\&quot;static/chunks/app/layout-365f3e6461494bb7.js\&quot;],\&quot;MainContent\&quot;]\n10:I[22354,[\&quot;7877\&quot;,\&quot;static/chunks/7877-cbefd0b46b02e9c4.js\&quot;,\&quot;7776\&quot;,\&quot;static/chunks/7776-5971d9e696e6574c.js\&quot;,\&quot;7138\&quot;,\&quot;static/chunks/7138-d3b5c9d7e13d47b0.js\&quot;,\&quot;2889\&quot;,\&quot;static/chunks/2889-6b9f6864fdf07e8e.js\&quot;,\&quot;7515\&quot;,\&quot;static/chunks/7515-5284339c20e02f2b.js\&quot;,\&quot;5756\&quot;,\&quot;static/chunks/5756-5c6eee7035d1367d.js\&quot;,\&quot;5510\&quot;,\&quot;static/chunks/5510-32b4cc654e2434f2.js\&quot;,\&quot;3292\&quot;,\&quot;static/chunks/3292-c6e3b7fe95c24693.js\&quot;,\&quot;8073\&quot;,\&quot;static/chunks/8073-21c5aad119610172.js\&quot;,\&quot;3185\&quot;,\&quot;s&quot;])&lt;/script&gt;&lt;script&gt;self.__next_f.push([1,&quot;tatic/chunks/app/layout-365f3e6461494bb7.js\&quot;],\&quot;MobileBottomNav\&quot;]\n11:I[24186,[\&quot;7877\&quot;,\&quot;static/chunks/7877-cbefd0b46b02e9c4.js\&quot;,\&quot;7776\&quot;,\&quot;static/chunks/7776-5971d9e696e6574c.js\&quot;,\&quot;7138\&quot;,\&quot;static/chunks/7138-d3b5c9d7e13d47b0.js\&quot;,\&quot;2889\&quot;,\&quot;static/chunks/2889-6b9f6864fdf07e8e.js\&quot;,\&quot;7515\&quot;,\&quot;static/chunks/7515-5284339c20e02f2b.js\&quot;,\&quot;5756\&quot;,\&quot;static/chunks/5756-5c6eee7035d1367d.js\&quot;,\&quot;5510\&quot;,\&quot;static/chunks/5510-32b4cc654e2434f2.js\&quot;,\&quot;3292\&quot;,\&quot;static/chunks/3292-c6e3b7fe95c24693.js\&quot;,\&quot;8073\&quot;,\&quot;static/chunks/8073-21c5aad119610172.js\&quot;,\&quot;3185\&quot;,\&quot;static/chunks/app/layout-365f3e6461494bb7.js\&quot;],\&quot;Toaster\&quot;]\n13:I[76130,[],\&quot;\&quot;]\nc:{\&quot;fontFamily\&quot;:\&quot;system-ui,\\\&quot;Segoe UI\\\&quot;,Roboto,Helvetica,Arial,sans-serif,\\\&quot;Apple Color Emoji\\\&quot;,\\\&quot;Segoe UI Emoji\\\&quot;\&quot;,\&quot;height\&quot;:\&quot;100vh\&quot;,\&quot;textAlign\&quot;:\&quot;center\&quot;,\&quot;display\&quot;:\&quot;flex\&quot;,\&quot;flexDirection\&quot;:\&quot;column\&quot;,\&quot;alignItems\&quot;:\&quot;center\&quot;,\&quot;justifyContent\&quot;:\&quot;center\&quot;}\nd:{\&quot;display\&quot;:\&quot;inline-block\&quot;,\&quot;margin\&quot;:\&quot;0 20px 0 0\&quot;,\&quot;padding\&quot;:\&quot;0 23px 0 0\&quot;,\&quot;fontSize\&quot;:24,\&quot;fontWeight\&quot;:500,\&quot;verticalAlign\&quot;:\&quot;top\&quot;,\&quot;lineHeight\&quot;:\&quot;49px\&quot;}\ne:{\&quot;display\&quot;:\&quot;inline-block\&quot;}\nf:{\&quot;fontSize\&quot;:14,\&quot;fontWeight\&quot;:400,\&quot;lineHeight\&quot;:\&quot;49px\&quot;,\&quot;margin\&quot;:0}\n14:[]\n&quot;])&lt;/script&gt;&lt;script&gt;self.__next_f.push([1,&quot;0:[[[\&quot;$\&quot;,\&quot;link\&quot;,\&quot;0\&quot;,{\&quot;rel\&quot;:\&quot;stylesheet\&quot;,\&quot;href\&quot;:\&quot;/_next/static/css/356b162e06f5f7fe.css\&quot;,\&quot;precedence\&quot;:\&quot;next\&quot;,\&quot;crossOrigin\&quot;:\&quot;$undefined\&quot;}],[\&quot;$\&quot;,\&quot;link\&quot;,\&quot;1\&quot;,{\&quot;rel\&quot;:\&quot;stylesheet\&quot;,\&quot;href\&quot;:\&quot;/_next/static/css/7087c9d90474d9b6.css\&quot;,\&quot;precedence\&quot;:\&quot;next\&quot;,\&quot;crossOrigin\&quot;:\&quot;$undefined\&quot;}]],[\&quot;$\&quot;,\&quot;$L5\&quot;,null,{\&quot;buildId\&quot;:\&quot;plQE-GKOtrVbKc35qjC1O\&quot;,\&quot;assetPrefix\&quot;:\&quot;\&quot;,\&quot;initialCanonicalUrl\&quot;:\&quot;/api/auth/login\&quot;,\&quot;initialTree\&quot;:[\&quot;\&quot;,{\&quot;children\&quot;:[\&quot;/_not-found\&quot;,{\&quot;children\&quot;:[\&quot;__PAGE__\&quot;,{}]}]},\&quot;$undefined\&quot;,\&quot;$undefined\&quot;,true],\&quot;initialSeedData\&quot;:[\&quot;\&quot;,{\&quot;children\&quot;:[\&quot;/_not-found\&quot;,{\&quot;children\&quot;:[\&quot;__PAGE__\&quot;,{},[[\&quot;$L6\&quot;,[[\&quot;$\&quot;,\&quot;title\&quot;,null,{\&quot;children\&quot;:\&quot;404: This page could not be found.\&quot;}],[\&quot;$\&quot;,\&quot;div\&quot;,null,{\&quot;style\&quot;:{\&quot;fontFamily\&quot;:\&quot;system-ui,\\\&quot;Segoe UI\\\&quot;,Roboto,Helvetica,Arial,sans-serif,\\\&quot;Apple Color Emoji\\\&quot;,\\\&quot;Segoe UI Emoji\\\&quot;\&quot;,\&quot;height\&quot;:\&quot;100vh\&quot;,\&quot;textAlign\&quot;:\&quot;center\&quot;,\&quot;display\&quot;:\&quot;flex\&quot;,\&quot;flexDirection\&quot;:\&quot;column\&quot;,\&quot;alignItems\&quot;:\&quot;center\&quot;,\&quot;justifyContent\&quot;:\&quot;center\&quot;},\&quot;children\&quot;:[\&quot;$\&quot;,\&quot;div\&quot;,null,{\&quot;children\&quot;:[[\&quot;$\&quot;,\&quot;style\&quot;,null,{\&quot;dangerouslySetInnerHTML\&quot;:{\&quot;__html\&quot;:\&quot;body{color:#000;background:#fff;margin:0}.next-error-h1{border-right:1px solid rgba(0,0,0,.3)}@media (prefers-color-scheme:dark){body{color:#fff;background:#000}.next-error-h1{border-right:1px solid rgba(255,255,255,.3)}}\&quot;}}],[\&quot;$\&quot;,\&quot;h1\&quot;,null,{\&quot;className\&quot;:\&quot;next-error-h1\&quot;,\&quot;style\&quot;:{\&quot;display\&quot;:\&quot;inline-block\&quot;,\&quot;margin\&quot;:\&quot;0 20px 0 0\&quot;,\&quot;padding\&quot;:\&quot;0 23px 0 0\&quot;,\&quot;fontSize\&quot;:24,\&quot;fontWeight\&quot;:500,\&quot;verticalAlign\&quot;:\&quot;top\&quot;,\&quot;lineHeight\&quot;:\&quot;49px\&quot;},\&quot;children\&quot;:\&quot;404\&quot;}],[\&quot;$\&quot;,\&quot;div\&quot;,null,{\&quot;style\&quot;:{\&quot;display\&quot;:\&quot;inline-block\&quot;},\&quot;children\&quot;:[\&quot;$\&quot;,\&quot;h2\&quot;,null,{\&quot;style\&quot;:{\&quot;fontSize\&quot;:14,\&quot;fontWeight\&quot;:400,\&quot;lineHeight\&quot;:\&quot;49px\&quot;,\&quot;margin\&quot;:0},\&quot;children\&quot;:\&quot;This page could not be found.\&quot;}]}]]}]}]]],null],null]},[\&quot;$\&quot;,\&quot;$L7\&quot;,null,{\&quot;parallelRouterKey\&quot;:\&quot;children\&quot;,\&quot;segmentPath\&quot;:[\&quot;children\&quot;,\&quot;/_not-found\&quot;,\&quot;children\&quot;],\&quot;error\&quot;:\&quot;$undefined\&quot;,\&quot;errorStyles\&quot;:\&quot;$undefined\&quot;,\&quot;errorScripts\&quot;:\&quot;$undefined\&quot;,\&quot;template\&quot;:[\&quot;$\&quot;,\&quot;$L8\&quot;,null,{}],\&quot;templateStyles\&quot;:\&quot;$undefined\&quot;,\&quot;templateScripts\&quot;:\&quot;$undefined\&quot;,\&quot;notFound\&quot;:\&quot;$undefined\&quot;,\&quot;notFoundStyles\&quot;:\&quot;$undefined\&quot;,\&quot;styles\&quot;:null}],null]},[[\&quot;$\&quot;,\&quot;html\&quot;,null,{\&quot;lang\&quot;:\&quot;en\&quot;,\&quot;children\&quot;:[[\&quot;$\&quot;,\&quot;head\&quot;,null,{\&quot;children\&quot;:[[\&quot;$\&quot;,\&quot;link\&quot;,null,{\&quot;rel\&quot;:\&quot;apple-touch-icon\&quot;,\&quot;href\&quot;:\&quot;/icons/icon-192x192.png\&quot;}],[\&quot;$\&quot;,\&quot;link\&quot;,null,{\&quot;rel\&quot;:\&quot;icon\&quot;,\&quot;href\&quot;:\&quot;/favicon.ico\&quot;}],[\&quot;$\&quot;,\&quot;meta\&quot;,null,{\&quot;name\&quot;:\&quot;apple-mobile-web-app-capable\&quot;,\&quot;content\&quot;:\&quot;yes\&quot;}],[\&quot;$\&quot;,\&quot;meta\&quot;,null,{\&quot;name\&quot;:\&quot;apple-mobile-web-app-status-bar-style\&quot;,\&quot;content\&quot;:\&quot;default\&quot;}],[\&quot;$\&quot;,\&quot;meta\&quot;,null,{\&quot;name\&quot;:\&quot;apple-mobile-web-app-title\&quot;,\&quot;content\&quot;:\&quot;Gostaylo\&quot;}],[\&quot;$\&quot;,\&quot;meta\&quot;,null,{\&quot;name\&quot;:\&quot;theme-color\&quot;,\&quot;content\&quot;:\&quot;#0d9488\&quot;}]]}],[\&quot;$\&quot;,\&quot;body\&quot;,null,{\&quot;className\&quot;:\&quot;__className_fcbcbf\&quot;,\&quot;children\&quot;:[\&quot;$\&quot;,\&quot;$L9\&quot;,null,{\&quot;children\&quot;:[[\&quot;$\&quot;,\&quot;$La\&quot;,null,{}],[\&quot;$\&quot;,\&quot;$Lb\&quot;,null,{\&quot;children\&quot;:[\&quot;$\&quot;,\&quot;$L7\&quot;,null,{\&quot;parallelRouterKey\&quot;:\&quot;children\&quot;,\&quot;segmentPath\&quot;:[\&quot;children\&quot;],\&quot;error\&quot;:\&quot;$undefined\&quot;,\&quot;errorStyles\&quot;:\&quot;$undefined\&quot;,\&quot;errorScripts\&quot;:\&quot;$undefined\&quot;,\&quot;template\&quot;:[\&quot;$\&quot;,\&quot;$L8\&quot;,null,{}],\&quot;templateStyles\&quot;:\&quot;$undefined\&quot;,\&quot;templateScripts\&quot;:\&quot;$undefined\&quot;,\&quot;notFound\&quot;:[[\&quot;$\&quot;,\&quot;title\&quot;,null,{\&quot;children\&quot;:\&quot;404: This page could not be found.\&quot;}],[\&quot;$\&quot;,\&quot;div\&quot;,null,{\&quot;style\&quot;:\&quot;$c\&quot;,\&quot;children\&quot;:[\&quot;$\&quot;,\&quot;div\&quot;,null,{\&quot;children\&quot;:[[\&quot;$\&quot;,\&quot;style\&quot;,null,{\&quot;dangerouslySetInnerHTML\&quot;:{\&quot;__html\&quot;:\&quot;body{color:#000;background:#fff;margin:0}.next-error-h1{border-right:1px solid rgba(0,0,0,.3)}@media (prefers-color-scheme:dark){body{color:#fff;background:#000}.next-error-h1{border-right:1px solid rgba(255,255,255,.3)}}\&quot;}}],[\&quot;$\&quot;,\&quot;h1\&quot;,null,{\&quot;className\&quot;:\&quot;next-error-h1\&quot;,\&quot;style\&quot;:\&quot;$d\&quot;,\&quot;children\&quot;:\&quot;404\&quot;}],[\&quot;$\&quot;,\&quot;div\&quot;,null,{\&quot;style\&quot;:\&quot;$e\&quot;,\&quot;children\&quot;:[\&quot;$\&quot;,\&quot;h2\&quot;,null,{\&quot;style\&quot;:\&quot;$f\&quot;,\&quot;children\&quot;:\&quot;This page could not be found.\&quot;}]}]]}]}]],\&quot;notFoundStyles\&quot;:[],\&quot;styles\&quot;:null}]}],[\&quot;$\&quot;,\&quot;$L10\&quot;,null,{}],[\&quot;$\&quot;,\&quot;$L11\&quot;,null,{}]]}]}]]}],null],null],\&quot;couldBeIntercepted\&quot;:false,\&quot;initialHead\&quot;:[[\&quot;$\&quot;,\&quot;meta\&quot;,null,{\&quot;name\&quot;:\&quot;robots\&quot;,\&quot;content\&quot;:\&quot;noindex\&quot;}],\&quot;$L12\&quot;],\&quot;globalErrorComponent\&quot;:\&quot;$13\&quot;,\&quot;missingSlots\&quot;:\&quot;$W14\&quot;}]]\n&quot;])&lt;/script&gt;&lt;script&gt;self.__next_f.push([1,&quot;12:[[\&quot;$\&quot;,\&quot;meta\&quot;,\&quot;0\&quot;,{\&quot;name\&quot;:\&quot;viewport\&quot;,\&quot;content\&quot;:\&quot;width=device-width, initial-scale=1, maximum-scale=1, user-scalable=no\&quot;}],[\&quot;$\&quot;,\&quot;meta\&quot;,\&quot;1\&quot;,{\&quot;name\&quot;:\&quot;theme-color\&quot;,\&quot;content\&quot;:\&quot;#0d9488\&quot;}],[\&quot;$\&quot;,\&quot;meta\&quot;,\&quot;2\&quot;,{\&quot;charSet\&quot;:\&quot;utf-8\&quot;}],[\&quot;$\&quot;,\&quot;title\&quot;,\&quot;3\&quot;,{\&quot;children\&quot;:\&quot;Gostaylo - Premium Global Rentals\&quot;}],[\&quot;$\&quot;,\&quot;meta\&quot;,\&quot;4\&quot;,{\&quot;name\&quot;:\&quot;description\&quot;,\&quot;content\&quot;:\&quot;Premium villas, yachts, transport and tours worldwide. Book your perfect stay with Gostaylo.\&quot;}],[\&quot;$\&quot;,\&quot;meta\&quot;,\&quot;5\&quot;,{\&quot;name\&quot;:\&quot;author\&quot;,\&quot;content\&quot;:\&quot;Gostaylo\&quot;}],[\&quot;$\&quot;,\&quot;link\&quot;,\&quot;6\&quot;,{\&quot;rel\&quot;:\&quot;manifest\&quot;,\&quot;href\&quot;:\&quot;/manifest.json\&quot;,\&quot;crossOrigin\&quot;:\&quot;use-credentials\&quot;}],[\&quot;$\&quot;,\&quot;meta\&quot;,\&quot;7\&quot;,{\&quot;name\&quot;:\&quot;keywords\&quot;,\&quot;content\&quot;:\&quot;rentals, villas, yachts, phuket, thailand, luxury, vacation, holiday\&quot;}],[\&quot;$\&quot;,\&quot;meta\&quot;,\&quot;8\&quot;,{\&quot;name\&quot;:\&quot;apple-mobile-web-app-capable\&quot;,\&quot;content\&quot;:\&quot;yes\&quot;}],[\&quot;$\&quot;,\&quot;meta\&quot;,\&quot;9\&quot;,{\&quot;name\&quot;:\&quot;apple-mobile-web-app-title\&quot;,\&quot;content\&quot;:\&quot;Gostaylo\&quot;}],[\&quot;$\&quot;,\&quot;meta\&quot;,\&quot;10\&quot;,{\&quot;name\&quot;:\&quot;apple-mobile-web-app-status-bar-style\&quot;,\&quot;content\&quot;:\&quot;default\&quot;}],[\&quot;$\&quot;,\&quot;meta\&quot;,\&quot;11\&quot;,{\&quot;property\&quot;:\&quot;og:title\&quot;,\&quot;content\&quot;:\&quot;Gostaylo - Premium Global Rentals\&quot;}],[\&quot;$\&quot;,\&quot;meta\&quot;,\&quot;12\&quot;,{\&quot;property\&quot;:\&quot;og:description\&quot;,\&quot;content\&quot;:\&quot;Premium villas, yachts, transport and tours worldwide. Book your perfect stay.\&quot;}],[\&quot;$\&quot;,\&quot;meta\&quot;,\&quot;13\&quot;,{\&quot;property\&quot;:\&quot;og:url\&quot;,\&quot;content\&quot;:\&quot;https://www.gostaylo.com\&quot;}],[\&quot;$\&quot;,\&quot;meta\&quot;,\&quot;14\&quot;,{\&quot;property\&quot;:\&quot;og:site_name\&quot;,\&quot;content\&quot;:\&quot;Gostaylo\&quot;}],[\&quot;$\&quot;,\&quot;meta\&quot;,\&quot;15\&quot;,{\&quot;property\&quot;:\&quot;og:locale\&quot;,\&quot;content\&quot;:\&quot;en_US\&quot;}],[\&quot;$\&quot;,\&quot;meta\&quot;,\&quot;16\&quot;,{\&quot;property\&quot;:\&quot;og:image\&quot;,\&quot;content\&quot;:\&quot;https://www.gostaylo.com/og-image.png\&quot;}],[\&quot;$\&quot;,\&quot;meta\&quot;,\&quot;17\&quot;,{\&quot;property\&quot;:\&quot;og:image:width\&quot;,\&quot;content\&quot;:\&quot;1200\&quot;}],[\&quot;$\&quot;,\&quot;meta\&quot;,\&quot;18\&quot;,{\&quot;property\&quot;:\&quot;og:image:height\&quot;,\&quot;content\&quot;:\&quot;630\&quot;}],[\&quot;$\&quot;,\&quot;meta\&quot;,\&quot;19\&quot;,{\&quot;property\&quot;:\&quot;og:image:alt\&quot;,\&quot;content\&quot;:\&quot;Gostaylo - Premium Global Rentals\&quot;}],[\&quot;$\&quot;,\&quot;meta\&quot;,\&quot;20\&quot;,{\&quot;property\&quot;:\&quot;og:type\&quot;,\&quot;content\&quot;:\&quot;website\&quot;}],[\&quot;$\&quot;,\&quot;meta\&quot;,\&quot;21\&quot;,{\&quot;name\&quot;:\&quot;twitter:card\&quot;,\&quot;content\&quot;:\&quot;summary_large_image\&quot;}],[\&quot;$\&quot;,\&quot;meta\&quot;,\&quot;22\&quot;,{\&quot;name\&quot;:\&quot;twitter:title\&quot;,\&quot;content\&quot;:\&quot;Gostaylo - Premium Global Rentals\&quot;}],[\&quot;$\&quot;,\&quot;meta\&quot;,\&quot;23\&quot;,{\&quot;name\&quot;:\&quot;twitter:description\&quot;,\&quot;content\&quot;:\&quot;Premium villas, yachts, transport and tours worldwide.\&quot;}],[\&quot;$\&quot;,\&quot;meta\&quot;,\&quot;24\&quot;,{\&quot;name\&quot;:\&quot;twitter:image\&quot;,\&quot;content\&quot;:\&quot;https://www.gostaylo.com/og-image.png\&quot;}],[\&quot;$\&quot;,\&quot;meta\&quot;,\&quot;25\&quot;,{\&quot;name\&quot;:\&quot;next-size-adjust\&quot;}]]\n&quot;])&lt;/script&gt;&lt;script&gt;self.__next_f.push([1,&quot;6:null\n&quot;])&lt;/script&gt;&lt;/body&gt;&lt;/html&gt;&#10;assert 404 == 200&#10; +  where 404 = &lt;Response [404]&gt;.status_code">test_reports/pytest/test_comprehensive_e2e_v25.py:456: in test_login_valid_renter
    assert res.status_code == 200, f"Login failed: {res.text}"
E   AssertionError: Login failed: &lt;!DOCTYPE html&gt;&lt;html lang="en"&gt;&lt;head&gt;&lt;meta charSet="utf-8"/&gt;&lt;meta name="viewport" content="width=device-width, initial-scale=1, maximum-scale=1, user-scalable=no"/&gt;&lt;link rel="stylesheet" href="/_next/static/css/356b162e06f5f7fe.css" data-precedence="next"/&gt;&lt;link rel="stylesheet" href="/_next/static/css/7087c9d90474d9b6.css" data-precedence="next"/&gt;&lt;link rel="preload" as="script" fetchPriority="low" href="/_next/static/chunks/webpack-6892a2dc2ffc8f6d.js"/&gt;&lt;script src="/_next/static/chunks/fd9d1056-c9f96fb20e241b43.js" async=""&gt;&lt;/script&gt;&lt;script src="/_next/static/chunks/7023-f4e51b7db23eb561.js" async=""&gt;&lt;/script&gt;&lt;script src="/_next/static/chunks/main-app-55bbd77d79f9187f.js" async=""&gt;&lt;/script&gt;&lt;script src="/_next/static/chunks/7877-cbefd0b46b02e9c4.js" async=""&gt;&lt;/script&gt;&lt;script src="/_next/static/chunks/7776-5971d9e696e6574c.js" async=""&gt;&lt;/script&gt;&lt;script src="/_next/static/chunks/7138-d3b5c9d7e13d47b0.js" async=""&gt;&lt;/script&gt;&lt;script src="/_next/static/chunks/2889-6b9f6864fdf07e8e.js" async=""&gt;&lt;/script&gt;&lt;script src="/_next/static/chunks/7515-5284339c20e02f2b.js" async=""&gt;&lt;/script&gt;&lt;script src="/_next/static/chunks/5756-5c6eee7035d1367d.js" async=""&gt;&lt;/script&gt;&lt;script src="/_next/static/chunks/5510-32b4cc654e2434f2.js" async=""&gt;&lt;/script&gt;&lt;script src="/_next/static/chunks/3292-c6e3b7fe95c24693.js" async=""&gt;&lt;/script&gt;&lt;script src="/_next/static/chunks/8073-21c5aad119610172.js" async=""&gt;&lt;/script&gt;&lt;script src="/_next/static/chunks/app/layout-365f3e6461494bb7.js" async=""&gt;&lt;/script&gt;&lt;meta name="robots" content="noindex"/&gt;&lt;link rel="apple-touch-icon" href="/icons/icon-192x192.png"/&gt;&lt;link rel="icon" href="/favicon.ico"/&gt;&lt;meta name="apple-mobile-web-app-capable" content="yes"/&gt;&lt;meta name="apple-mobile-web-app-status-bar-style" content="default"/&gt;&lt;meta name="apple-mobile-web-app-title" content="Gostaylo"/&gt;&lt;meta name="theme-color" content="#0d9488"/&gt;&lt;title&gt;404: This page could not be found.&lt;/title&gt;&lt;meta name="theme-color" content="#0d9488"/&gt;&lt;title&gt;Gostaylo - Premium Global Rentals&lt;/title&gt;&lt;meta name="description" content="Premium villas, yachts, transport and tours worldwide. Book your perfect stay with Gostaylo."/&gt;&lt;meta name="author" content="Gostaylo"/&gt;&lt;link rel="manifest" href="/manifest.json" crossorigin="use-credentials"/&gt;&lt;meta name="keywords" content="rentals, villas, yachts, phuket, thailand, luxury, vacation, holiday"/&gt;&lt;meta name="apple-mobile-web-app-capable" content="yes"/&gt;&lt;meta name="apple-mobile-web-app-title" content="Gostaylo"/&gt;&lt;meta name="apple-mobile-web-app-status-bar-style" content="default"/&gt;&lt;meta property="og:title" content="Gostaylo - Premium Global Rentals"/&gt;&lt;meta property="og:description" content="Premium villas, yachts, transport and tours worldwide. Book your perfect stay."/&gt;&lt;meta property="og:url" content="https://www.gostaylo.com"/&gt;&lt;meta property="og:site_name" content="Gostaylo"/&gt;&lt;meta property="og:locale" content="en_US"/&gt;&lt;meta property="og:image" content="https://www.gostaylo.com/og-image.png"/&gt;&lt;meta property="og:image:width" content="1200"/&gt;&lt;meta property="og:image:height" content="630"/&gt;&lt;meta property="og:image:alt" content="Gostaylo - Premium Global Rentals"/&gt;&lt;meta property="og:type" content="website"/&gt;&lt;meta name="twitter:card" content="summary_large_image"/&gt;&lt;meta name="twitter:title" content="Gostaylo - Premium Global Rentals"/&gt;&lt;meta name="twitter:description" content="Premium villas, yachts, transport and tours worldwide."/&gt;&lt;meta name="twitter:image" content="https://www.gostaylo.com/og-image.png"/&gt;&lt;meta name="next-size-adjust"/&gt;&lt;script src="/_next/static/chunks/polyfills-78c92fac7aa8fdd8.js" noModule=""&gt;&lt;/script&gt;&lt;/head&gt;&lt;body class="__className_fcbcbf"&gt;&lt;div class="pt-14"&gt;&lt;div style="font-family:system-ui,&amp;quot;Segoe UI&amp;quot;,Roboto,Helvetica,Arial,sans-serif,&amp;quot;Apple Color Emoji&amp;quot;,&amp;quot;Segoe UI Emoji&amp;quot;;height:100vh;text-align:center;display:flex;flex-direction:column;align-items:center;justify-content:center"&gt;&lt;div&gt;&lt;style&gt;body{color:#000;background:#fff;margin:0}.next-error-h1{border-right:1px solid rgba(0,0,0,.3)}@media (prefers-color-scheme:dark){body{color:#fff;background:#000}.next-error-h1{border-right:1px solid rgba(255,255,255,.3)}}&lt;/style&gt;&lt;h1 class="next-error-h1" style="display:inline-block;margin:0 20px 0 0;padding:0 23px 0 0;font-size:24px;font-weight:500;vertical-align:top;line-height:49px"&gt;404&lt;/h1&gt;&lt;div style="display:inline-block"&gt;&lt;h2 style="font-size:14px;font-weight:400;line-height:49px;margin:0"&gt;This page could not be found.&lt;/h2&gt;&lt;/div&gt;&lt;/div&gt;&lt;/div&gt;&lt;/div&gt;&lt;section aria-label="Notifications alt+T" tabindex="-1" aria-live="polite" aria-relevant="additions text" aria-atomic="false"&gt;&lt;/section&gt;&lt;script src="/_next/static/chunks/webpack-6892a2dc2ffc8f6d.js" async=""&gt;&lt;/script&gt;&lt;script&gt;(self.__next_f=self.__next_f||[]).push([0]);self.__next_f.push([2,null])&lt;/script&gt;&lt;script&gt;self.__next_f.push([1,"1:HL[\"/_next/static/media/21350d82a1f187e9-s.p.woff2\",\"font\",{\"crossOrigin\":\"\",\"type\":\"font/woff2\"}]\n2:HL[\"/_next/static/media/e4af272ccee01ff0-s.p.woff2\",\"font\",{\"crossOrigin\":\"\",\"type\":\"font/woff2\"}]\n3:HL[\"/_next/static/css/356b162e06f5f7fe.css\",\"style\"]\n4:HL[\"/_next/static/css/7087c9d90474d9b6.css\",\"style\"]\n"])&lt;/script&gt;&lt;script&gt;self.__next_f.push([1,"5:I[95751,[],\"\"]\n7:I[39275,[],\"\"]\n8:I[61343,[],\"\"]\n9:I[18073,[\"7877\",\"static/chunks/7877-cbefd0b46b02e9c4.js\",\"7776\",\"static/chunks/7776-5971d9e696e6574c.js\",\"7138\",\"static/chunks/7138-d3b5c9d7e13d47b0.js\",\"2889\",\"static/chunks/2889-6b9f6864fdf07e8e.js\",\"7515\",\"static/chunks/7515-5284339c20e02f2b.js\",\"5756\",\"static/chunks/5756-5c6eee7035d1367d.js\",\"5510\",\"static/chunks/5510-32b4cc654e2434f2.js\",\"3292\",\"static/chunks/3292-c6e3b7fe95c24693.js\",\"8073\",\"static/chunks/8073-21c5aad119610172.js\",\"3185\",\"static/chunks/app/layout-365f3e6461494bb7.js\"],\"AuthProvider\"]\na:I[24328,[\"7877\",\"static/chunks/7877-cbefd0b46b02e9c4.js\",\"7776\",\"static/chunks/7776-5971d9e696e6574c.js\",\"7138\",\"static/chunks/7138-d3b5c9d7e13d47b0.js\",\"2889\",\"static/chunks/2889-6b9f6864fdf07e8e.js\",\"7515\",\"static/chunks/7515-5284339c20e02f2b.js\",\"5756\",\"static/chunks/5756-5c6eee7035d1367d.js\",\"5510\",\"static/chunks/5510-32b4cc654e2434f2.js\",\"3292\",\"static/chunks/3292-c6e3b7fe95c24693.js\",\"8073\",\"static/chunks/8073-21c5aad119610172.js\",\"3185\",\"static/chunks/app/layout-365f3e6461494bb7.js\"],\"UniversalHeader\"]\nb:I[63203,[\"7877\",\"static/chunks/7877-cbefd0b46b02e9c4.js\",\"7776\",\"static/chunks/7776-5971d9e696e6574c.js\",\"7138\",\"static/chunks/7138-d3b5c9d7e13d47b0.js\",\"2889\",\"static/chunks/2889-6b9f6864fdf07e8e.js\",\"7515\",\"static/chunks/7515-5284339c20e02f2b.js\",\"5756\",\"static/chunks/5756-5c6eee7035d1367d.js\",\"5510\",\"static/chunks/5510-32b4cc654e2434f2.js\",\"3292\",\"static/chunks/3292-c6e3b7fe95c24693.js\",\"8073\",\"static/chunks/8073-21c5aad119610172.js\",\"3185\",\"static/chunks/app/layout-365f3e6461494bb7.js\"],\"MainContent\"]\n10:I[22354,[\"7877\",\"static/chunks/7877-cbefd0b46b02e9c4.js\",\"7776\",\"static/chunks/7776-5971d9e696e6574c.js\",\"7138\",\"static/chunks/7138-d3b5c9d7e13d47b0.js\",\"2889\",\"static/chunks/2889-6b9f6864fdf07e8e.js\",\"7515\",\"static/chunks/7515-5284339c20e02f2b.js\",\"5756\",\"static/chunks/5756-5c6eee7035d1367d.js\",\"5510\",\"static/chunks/5510-32b4cc654e2434f2.js\",\"3292\",\"static/chunks/3292-c6e3b7fe95c24693.js\",\"8073\",\"static/chunks/8073-21c5aad119610172.js\",\"3185\",\"s"])&lt;/script&gt;&lt;script&gt;self.__next_f.push([1,"tatic/chunks/app/layout-365f3e6461494bb7.js\"],\"MobileBottomNav\"]\n11:I[24186,[\"7877\",\"static/chunks/7877-cbefd0b46b02e9c4.js\",\"7776\",\"static/chunks/7776-5971d9e696e6574c.js\",\"7138\",\"static/chunks/7138-d3b5c9d7e13d47b0.js\",\"2889\",\"static/chunks/2889-6b9f6864fdf07e8e.js\",\"7515\",\"static/chunks/7515-5284339c20e02f2b.js\",\"5756\",\"static/chunks/5756-5c6eee7035d1367d.js\",\"5510\",\"static/chunks/5510-32b4cc654e2434f2.js\",\"3292\",\"static/chunks/3292-c6e3b7fe95c24693.js\",\"8073\",\"static/chunks/8073-21c5aad119610172.js\",\"3185\",\"static/chunks/app/layout-365f3e6461494bb7.js\"],\"Toaster\"]\n13:I[76130,[],\"\"]\nc:{\"fontFamily\":\"system-ui,\\\"Segoe UI\\\",Roboto,Helvetica,Arial,sans-serif,\\\"Apple Color Emoji\\\",\\\"Segoe UI Emoji\\\"\",\"height\":\"100vh\",\"textAlign\":\"center\",\"display\":\"flex\",\"flexDirection\":\"column\",\"alignItems\":\"center\",\"justifyContent\":\"center\"}\nd:{\"display\":\"inline-block\",\"margin\":\"0 20px 0 0\",\"padding\":\"0 23px 0 0\",\"fontSize\":24,\"fontWeight\":500,\"verticalAlign\":\"top\",\"lineHeight\":\"49px\"}\ne:{\"display\":\"inline-block\"}\nf:{\"fontSize\":14,\"fontWeight\":400,\"lineHeight\":\"49px\",\"margin\":0}\n14:[]\n"])&lt;/script&gt;&lt;script&gt;self.__next_f.push([1,"0:[[[\"$\",\"link\",\"0\",{\"rel\":\"stylesheet\",\"href\":\"/_next/static/css/356b162e06f5f7fe.css\",\"precedence\":\"next\",\"crossOrigin\":\"$undefined\"}],[\"$\",\"link\",\"1\",{\"rel\":\"stylesheet\",\"href\":\"/_next/static/css/7087c9d90474d9b6.css\",\"precedence\":\"next\",\"crossOrigin\":\"$undefined\"}]],[\"$\",\"$L5\",null,{\"buildId\":\"plQE-GKOtrVbKc35qjC1O\",\"assetPrefix\":\"\",\"initialCanonicalUrl\":\"/api/auth/login\",\"initialTree\":[\"\",{\"children\":[\"/_not-found\",{\"children\":[\"__PAGE__\",{}]}]},\"$undefined\",\"$undefined\",true],\"initialSeedData\":[\"\",{\"children\":[\"/_not-found\",{\"children\":[\"__PAGE__\",{},[[\"$L6\",[[\"$\",\"title\",null,{\"children\":\"404: This page could not be found.\"}],[\"$\",\"div\",null,{\"style\":{\"fontFamily\":\"system-ui,\\\"Segoe UI\\\",Roboto,Helvetica,Arial,sans-serif,\\\"Apple Color Emoji\\\",\\\"Segoe UI Emoji\\\"\",\"height\":\"100vh\",\"textAlign\":\"center\",\"display\":\"flex\",\"flexDirection\":\"column\",\"alignItems\":\"center\",\"justifyContent\":\"center\"},\"children\":[\"$\",\"div\",null,{\"children\":[[\"$\",\"style\",null,{\"dangerouslySetInnerHTML\":{\"__html\":\"body{color:#000;background:#fff;margin:0}.next-error-h1{border-right:1px solid rgba(0,0,0,.3)}@media (prefers-color-scheme:dark){body{color:#fff;background:#000}.next-error-h1{border-right:1px solid rgba(255,255,255,.3)}}\"}}],[\"$\",\"h1\",null,{\"className\":\"next-error-h1\",\"style\":{\"display\":\"inline-block\",\"margin\":\"0 20px 0 0\",\"padding\":\"0 23px 0 0\",\"fontSize\":24,\"fontWeight\":500,\"verticalAlign\":\"top\",\"lineHeight\":\"49px\"},\"children\":\"404\"}],[\"$\",\"div\",null,{\"style\":{\"display\":\"inline-block\"},\"children\":[\"$\",\"h2\",null,{\"style\":{\"fontSize\":14,\"fontWeight\":400,\"lineHeight\":\"49px\",\"margin\":0},\"children\":\"This page could not be found.\"}]}]]}]}]]],null],null]},[\"$\",\"$L7\",null,{\"parallelRouterKey\":\"children\",\"segmentPath\":[\"children\",\"/_not-found\",\"children\"],\"error\":\"$undefined\",\"errorStyles\":\"$undefined\",\"errorScripts\":\"$undefined\",\"template\":[\"$\",\"$L8\",null,{}],\"templateStyles\":\"$undefined\",\"templateScripts\":\"$undefined\",\"notFound\":\"$undefined\",\"notFoundStyles\":\"$undefined\",\"styles\":null}],null]},[[\"$\",\"html\",null,{\"lang\":\"en\",\"children\":[[\"$\",\"head\",null,{\"children\":[[\"$\",\"link\",null,{\"rel\":\"apple-touch-icon\",\"href\":\"/icons/icon-192x192.png\"}],[\"$\",\"link\",null,{\"rel\":\"icon\",\"href\":\"/favicon.ico\"}],[\"$\",\"meta\",null,{\"name\":\"apple-mobile-web-app-capable\",\"content\":\"yes\"}],[\"$\",\"meta\",null,{\"name\":\"apple-mobile-web-app-status-bar-style\",\"content\":\"default\"}],[\"$\",\"meta\",null,{\"name\":\"apple-mobile-web-app-title\",\"content\":\"Gostaylo\"}],[\"$\",\"meta\",null,{\"name\":\"theme-color\",\"content\":\"#0d9488\"}]]}],[\"$\",\"body\",null,{\"className\":\"__className_fcbcbf\",\"children\":[\"$\",\"$L9\",null,{\"children\":[[\"$\",\"$La\",null,{}],[\"$\",\"$Lb\",null,{\"children\":[\"$\",\"$L7\",null,{\"parallelRouterKey\":\"children\",\"segmentPath\":[\"children\"],\"error\":\"$undefined\",\"errorStyles\":\"$undefined\",\"errorScripts\":\"$undefined\",\"template\":[\"$\",\"$L8\",null,{}],\"templateStyles\":\"$undefined\",\"templateScripts\":\"$undefined\",\"notFound\":[[\"$\",\"title\",null,{\"children\":\"404: This page could not be found.\"}],[\"$\",\"div\",null,{\"style\":\"$c\",\"children\":[\"$\",\"div\",null,{\"children\":[[\"$\",\"style\",null,{\"dangerouslySetInnerHTML\":{\"__html\":\"body{color:#000;background:#fff;margin:0}.next-error-h1{border-right:1px solid rgba(0,0,0,.3)}@media (prefers-color-scheme:dark){body{color:#fff;background:#000}.next-error-h1{border-right:1px solid rgba(255,255,255,.3)}}\"}}],[\"$\",\"h1\",null,{\"className\":\"next-error-h1\",\"style\":\"$d\",\"children\":\"404\"}],[\"$\",\"div\",null,{\"style\":\"$e\",\"children\":[\"$\",\"h2\",null,{\"style\":\"$f\",\"children\":\"This page could not be found.\"}]}]]}]}]],\"notFoundStyles\":[],\"styles\":null}]}],[\"$\",\"$L10\",null,{}],[\"$\",\"$L11\",null,{}]]}]}]]}],null],null],\"couldBeIntercepted\":false,\"initialHead\":[[\"$\",\"meta\",null,{\"name\":\"robots\",\"content\":\"noindex\"}],\"$L12\"],\"globalErrorComponent\":\"$13\",\"missingSlots\":\"$W14\"}]]\n"])&lt;/script&gt;&lt;script&gt;self.__next_f.push([1,"12:[[\"$\",\"meta\",\"0\",{\"name\":\"viewport\",\"content\":\"width=device-width, initial-scale=1, maximum-scale=1, user-scalable=no\"}],[\"$\",\"meta\",\"1\",{\"name\":\"theme-color\",\"content\":\"#0d9488\"}],[\"$\",\"meta\",\"2\",{\"charSet\":\"utf-8\"}],[\"$\",\"title\",\"3\",{\"children\":\"Gostaylo - Premium Global Rentals\"}],[\"$\",\"meta\",\"4\",{\"name\":\"description\",\"content\":\"Premium villas, yachts, transport and tours worldwide. Book your perfect stay with Gostaylo.\"}],[\"$\",\"meta\",\"5\",{\"name\":\"author\",\"content\":\"Gostaylo\"}],[\"$\",\"link\",\"6\",{\"rel\":\"manifest\",\"href\":\"/manifest.json\",\"crossOrigin\":\"use-credentials\"}],[\"$\",\"meta\",\"7\",{\"name\":\"keywords\",\"content\":\"rentals, villas, yachts, phuket, thailand, luxury, vacation, holiday\"}],[\"$\",\"meta\",\"8\",{\"name\":\"apple-mobile-web-app-capable\",\"content\":\"yes\"}],[\"$\",\"meta\",\"9\",{\"name\":\"apple-mobile-web-app-title\",\"content\":\"Gostaylo\"}],[\"$\",\"meta\",\"10\",{\"name\":\"apple-mobile-web-app-status-bar-style\",\"content\":\"default\"}],[\"$\",\"meta\",\"11\",{\"property\":\"og:title\",\"content\":\"Gostaylo - Premium Global Rentals\"}],[\"$\",\"meta\",\"12\",{\"property\":\"og:description\",\"content\":\"Premium villas, yachts, transport and tours worldwide. Book your perfect stay.\"}],[\"$\",\"meta\",\"13\",{\"property\":\"og:url\",\"content\":\"https://www.gostaylo.com\"}],[\"$\",\"meta\",\"14\",{\"property\":\"og:site_name\",\"content\":\"Gostaylo\"}],[\"$\",\"meta\",\"15\",{\"property\":\"og:locale\",\"content\":\"en_US\"}],[\"$\",\"meta\",\"16\",{\"property\":\"og:image\",\"content\":\"https://www.gostaylo.com/og-image.png\"}],[\"$\",\"meta\",\"17\",{\"property\":\"og:image:width\",\"content\":\"1200\"}],[\"$\",\"meta\",\"18\",{\"property\":\"og:image:height\",\"content\":\"630\"}],[\"$\",\"meta\",\"19\",{\"property\":\"og:image:alt\",\"content\":\"Gostaylo - Premium Global Rentals\"}],[\"$\",\"meta\",\"20\",{\"property\":\"og:type\",\"content\":\"website\"}],[\"$\",\"meta\",\"21\",{\"name\":\"twitter:card\",\"content\":\"summary_large_image\"}],[\"$\",\"meta\",\"22\",{\"name\":\"twitter:title\",\"content\":\"Gostaylo - Premium Global Rentals\"}],[\"$\",\"meta\",\"23\",{\"name\":\"twitter:description\",\"content\":\"Premium villas, yachts, transport and tours worldwide.\"}],[\"$\",\"meta\",\"24\",{\"name\":\"twitter:image\",\"content\":\"https://www.gostaylo.com/og-image.png\"}],[\"$\",\"meta\",\"25\",{\"name\":\"next-size-adjust\"}]]\n"])&lt;/script&gt;&lt;script&gt;self.__next_f.push([1,"6:null\n"])&lt;/script&gt;&lt;/body&gt;&lt;/html&gt;
E   assert 404 == 200
E    +  where 404 = &lt;Response [404]&gt;.status_code</failure></testcase><testcase classname="test_reports.pytest.test_comprehensive_e2e_v25.TestAuthentication" name="test_login_valid_partner" time="0.016"><failure message="AssertionError: Partner login failed: &lt;!DOCTYPE html&gt;&lt;html lang=&quot;en&quot;&gt;&lt;head&gt;&lt;meta charSet=&quot;utf-8&quot;/&gt;&lt;meta name=&quot;viewport&quot; content=&quot;width=device-width, initial-scale=1, maximum-scale=1, user-scalable=no&quot;/&gt;&lt;link rel=&quot;stylesheet&quot; href=&quot;/_next/static/css/356b162e06f5f7fe.css&quot; data-precedence=&quot;next&quot;/&gt;&lt;link rel=&quot;stylesheet&quot; href=&quot;/_next/static/css/7087c9d90474d9b6.css&quot; data-precedence=&quot;next&quot;/&gt;&lt;link rel=&quot;preload&quot; as=&quot;script&quot; fetchPriority=&quot;low&quot; href=&quot;/_next/static/chunks/webpack-6892a2dc2ffc8f6d.js&quot;/&gt;&lt;script src=&quot;/_next/static/chunks/fd9d1056-c9f96fb20e241b43.js&quot; async=&quot;&quot;&gt;&lt;/script&gt;&lt;script src=&quot;/_next/static/chunks/7023-f4e51b7db23eb561.js&quot; async=&quot;&quot;&gt;&lt;/script&gt;&lt;script src=&quot;/_next/static/chunks/main-app-55bbd77d79f9187f.js&quot; async=&quot;&quot;&gt;&lt;/script&gt;&lt;script src=&quot;/_next/static/chunks/7877-cbefd0b46b02e9c4.js&quot; async=&quot;&quot;&gt;&lt;/script&gt;&lt;script src=&quot;/_next/static/chunks/7776-5971d9e696e6574c.js&quot; async=&quot;&quot;&gt;&lt;/script&gt;&lt;script src=&quot;/_next/static/chunks/7138-d3b5c9d7e13d47b0.js&quot; async=&quot;&quot;&gt;&lt;/script&gt;&lt;script src=&quot;/_next/static/chunks/2889-6b9f6864fdf07e8e.js&quot; async=&quot;&quot;&gt;&lt;/script&gt;&lt;script src=&quot;/_next/static/chunks/7515-5284339c20e02f2b.js&quot; async=&quot;&quot;&gt;&lt;/script&gt;&lt;script src=&quot;/_next/static/chunks/5756-5c6eee7035d1367d.js&quot; async=&quot;&quot;&gt;&lt;/script&gt;&lt;script src=&quot;/_next/static/chunks/5510-32b4cc654e2434f2.js&quot; async=&quot;&quot;&gt;&lt;/script&gt;&lt;script src=&quot;/_next/static/chunks/3292-c6e3b7fe95c24693.js&quot; async=&quot;&quot;&gt;&lt;/script&gt;&lt;script src=&quot;/_next/static/chunks/8073-21c5aad119610172.js&quot; async=&quot;&quot;&gt;&lt;/script&gt;&lt;script src=&quot;/_next/static/chunks/app/layout-365f3e6461494bb7.js&quot; async=&quot;&quot;&gt;&lt;/script&gt;&lt;meta name=&quot;robots&quot; content=&quot;noindex&quot;/&gt;&lt;link rel=&quot;apple-touch-icon&quot; href=&quot;/icons/icon-192x192.png&quot;/&gt;&lt;link rel=&quot;icon&quot; href=&quot;/favicon.ico&quot;/&gt;&lt;meta name=&quot;apple-mobile-web-app-capable&quot; content=&quot;yes&quot;/&gt;&lt;meta name=&quot;apple-mobile-web-app-status-bar-style&quot; content=&quot;default&quot;/&gt;&lt;meta name=&quot;apple-mobile-web-app-title&quot; content=&quot;Gostaylo&quot;/&gt;&lt;meta name=&quot;theme-color&quot; content=&quot;#0d9488&quot;/&gt;&lt;title&gt;404: This page could not be found.&lt;/title&gt;&lt;meta name=&quot;theme-color&quot; content=&quot;#0d9488&quot;/&gt;&lt;title&gt;Gostaylo - Premium Global Rentals&lt;/title&gt;&lt;meta name=&quot;description&quot; content=&quot;Premium villas, yachts, transport and tours worldwide. Book your perfect stay with Gostaylo.&quot;/&gt;&lt;meta name=&quot;author&quot; content=&quot;Gostaylo&quot;/&gt;&lt;link rel=&quot;manifest&quot; href=&quot;/manifest.json&quot; crossorigin=&quot;use-credentials&quot;/&gt;&lt;meta name=&quot;keywords&quot; content=&quot;rentals, villas, yachts, phuket, thailand, luxury, vacation, holiday&quot;/&gt;&lt;meta name=&quot;apple-mobile-web-app-capable&quot; content=&quot;yes&quot;/&gt;&lt;meta name=&quot;apple-mobile-web-app-title&quot; content=&quot;Gostaylo&quot;/&gt;&lt;meta name=&quot;apple-mobile-web-app-status-bar-style&quot; content=&quot;default&quot;/&gt;&lt;meta property=&quot;og:title&quot; content=&quot;Gostaylo - Premium Global Rentals&quot;/&gt;&lt;meta property=&quot;og:description&quot; content=&quot;Premium villas, yachts, transport and tours worldwide. Book your perfect stay.&quot;/&gt;&lt;meta property=&quot;og:url&quot; content=&quot;https://www.gostaylo.com&quot;/&gt;&lt;meta property=&quot;og:site_name&quot; content=&quot;Gostaylo&quot;/&gt;&lt;meta property=&quot;og:locale&quot; content=&quot;en_US&quot;/&gt;&lt;meta property=&quot;og:image&quot; content=&quot;https://www.gostaylo.com/og-image.png&quot;/&gt;&lt;meta property=&quot;og:image:width&quot; content=&quot;1200&quot;/&gt;&lt;meta property=&quot;og:image:height&quot; content=&quot;630&quot;/&gt;&lt;meta property=&quot;og:image:alt&quot; content=&quot;Gostaylo - Premium Global Rentals&quot;/&gt;&lt;meta property=&quot;og:type&quot; content=&quot;website&quot;/&gt;&lt;meta name=&quot;twitter:card&quot; content=&quot;summary_large_image&quot;/&gt;&lt;meta name=&quot;twitter:title&quot; content=&quot;Gostaylo - Premium Global Rentals&quot;/&gt;&lt;meta name=&quot;twitter:description&quot; content=&quot;Premium villas, yachts, transport and tours worldwide.&quot;/&gt;&lt;meta name=&quot;twitter:image&quot; content=&quot;https://www.gostaylo.com/og-image.png&quot;/&gt;&lt;meta name=&quot;next-size-adjust&quot;/&gt;&lt;script src=&quot;/_next/static/chunks/polyfills-78c92fac7aa8fdd8.js&quot; noModule=&quot;&quot;&gt;&lt;/script&gt;&lt;/head&gt;&lt;body class=&quot;__className_fcbcbf&quot;&gt;&lt;div class=&quot;pt-14&quot;&gt;&lt;div style=&quot;font-family:system-ui,&amp;quot;Segoe UI&amp;quot;,Roboto,Helvetica,Arial,sans-serif,&amp;quot;Apple Color Emoji&amp;quot;,&amp;quot;Segoe UI Emoji&amp;quot;;height:100vh;text-align:center;display:flex;flex-direction:column;align-items:center;justify-content:center&quot;&gt;&lt;div&gt;&lt;style&gt;body{color:#000;background:#fff;margin:0}.next-error-h1{border-right:1px solid rgba(0,0,0,.3)}@media (prefers-color-scheme:dark){body{color:#fff;background:#000}.next-error-h1{border-right:1px solid rgba(255,255,255,.3)}}&lt;/style&gt;&lt;h1 class=&quot;next-error-h1&quot; style=&quot;display:inline-block;margin:0 20px 0 0;padding:0 23px 0 0;font-size:24px;font-weight:500;vertical-align:top;line-height:49px&quot;&gt;404&lt;/h1&gt;&lt;div style=&quot;display:inline-block&quot;&gt;&lt;h2 style=&quot;font-size:14px;font-weight:400;line-height:49px;margin:0&quot;&gt;This page could not be found.&lt;/h2&gt;&lt;/div&gt;&lt;/div&gt;&lt;/div&gt;&lt;/div&gt;&lt;section aria-label=&quot;Notifications alt+T&quot; tabindex=&quot;-1&quot; aria-live=&quot;polite&quot; aria-relevant=&quot;additions text&quot; aria-atomic=&quot;false&quot;&gt;&lt;/section&gt;&lt;script src=&quot;/_next/static/chunks/webpack-6892a2dc2ffc8f6d.js&quot; async=&quot;&quot;&gt;&lt;/script&gt;&lt;script&gt;(self.__next_f=self.__next_f||[]).push([0]);self.__next_f.push([2,null])&lt;/script&gt;&lt;script&gt;self.__next_f.push([1,&quot;1:HL[\&quot;/_next/static/media/21350d82a1f187e9-s.p.woff2\&quot;,\&quot;font\&quot;,{\&quot;crossOrigin\&quot;:\&quot;\&quot;,\&quot;type\&quot;:\&quot;font/woff2\&quot;}]\n2:HL[\&quot;/_next/static/media/e4af272ccee01ff0-s.p.woff2\&quot;,\&quot;font\&quot;,{\&quot;crossOrigin\&quot;:\&quot;\&quot;,\&quot;type\&quot;:\&quot;font/woff2\&quot;}]\n3:HL[\&quot;/_next/static/css/356b162e06f5f7fe.css\&quot;,\&quot;style\&quot;]\n4:HL[\&quot;/_next/static/css/7087c9d90474d9b6.css\&quot;,\&quot;style\&quot;]\n&quot;])&lt;/script&gt;&lt;script&gt;self.__next_f.push([1,&quot;5:I[95751,[],\&quot;\&quot;]\n7:I[39275,[],\&quot;\&quot;]\n8:I[61343,[],\&quot;\&quot;]\n9:I[18073,[\&quot;7877\&quot;,\&quot;static/chunks/7877-cbefd0b46b02e9c4.js\&quot;,\&quot;7776\&quot;,\&quot;static/chunks/7776-5971d9e696e6574c.js\&quot;,\&quot;7138\&quot;,\&quot;static/chunks/7138-d3b5c9d7e13d47b0.js\&quot;,\&quot;2889\&quot;,\&quot;static/chunks/2889-6b9f6864fdf07e8e.js\&quot;,\&quot;7515\&quot;,\&quot;static/chunks/7515-5284339c20e02f2b.js\&quot;,\&quot;5756\&quot;,\&quot;static/chunks/5756-5c6eee7035d1367d.js\&quot;,\&quot;5510\&quot;,\&quot;static/chunks/5510-32b4cc654e2434f2.js\&quot;,\&quot;3292\&quot;,\&quot;static/chunks/3292-c6e3b7fe95c24693.js\&quot;,\&quot;8073\&quot;,\&quot;static/chunks/8073-21c5aad119610172.js\&quot;,\&quot;3185\&quot;,\&quot;static/chunks/app/layout-365f3e6461494bb7.js\&quot;],\&quot;AuthProvider\&quot;]\na:I[24328,[\&quot;7877\&quot;,\&quot;static/chunks/7877-cbefd0b46b02e9c4.js\&quot;,\&quot;7776\&quot;,\&quot;static/chunks/7776-5971d9e696e6574c.js\&quot;,\&quot;7138\&quot;,\&quot;static/chunks/7138-d3b5c9d7e13d47b0.js\&quot;,\&quot;2889\&quot;,\&quot;static/chunks/2889-6b9f6864fdf07e8e.js\&quot;,\&quot;7515\&quot;,\&quot;static/chunks/7515-5284339c20e02f2b.js\&quot;,\&quot;5756\&quot;,\&quot;static/chunks/5756-5c6eee7035d1367d.js\&quot;,\&quot;5510\&quot;,\&quot;static/chunks/5510-32b4cc654e2434f2.js\&quot;,\&quot;3292\&quot;,\&quot;static/chunks/3292-c6e3b7fe95c24693.js\&quot;,\&quot;8073\&quot;,\&quot;static/chunks/8073-21c5aad119610172.js\&quot;,\&quot;3185\&quot;,\&quot;static/chunks/app/layout-365f3e6461494bb7.js\&quot;],\&quot;UniversalHeader\&quot;]\nb:I[63203,[\&quot;7877\&quot;,\&quot;static/chunks/7877-cbefd0b46b02e9c4.js\&quot;,\&quot;7776\&quot;,\&quot;static/chunks/7776-5971d9e696e6574c.js\&quot;,\&quot;7138\&quot;,\&quot;static/chunks/7138-d3b5c9d7e13d47b0.js\&quot;,\&quot;2889\&quot;,\&quot;static/chunks/2889-6b9f6864fdf07e8e.js\&quot;,\&quot;7515\&quot;,\&quot;static/chunks/7515-5284339c20e02f2b.js\&quot;,\&quot;5756\&quot;,\&quot;static/chunks/5756-5c6eee7035d1367d.js\&quot;,\&quot;5510\&quot;,\&quot;static/chunks/5510-32b4cc654e2434f2.js\&quot;,\&quot;3292\&quot;,\&quot;static/chunks/3292-c6e3b7fe95c24693.js\&quot;,\&quot;8073\&quot;,\&quot;static/chunks/8073-21c5aad119610172.js\&quot;,\&quot;3185\&quot;,\&quot;static/chunks/app/layout-365f3e6461494bb7.js\&quot;],\&quot;MainContent\&quot;]\n10:I[22354,[\&quot;7877\&quot;,\&quot;static/chunks/7877-cbefd0b46b02e9c4.js\&quot;,\&quot;7776\&quot;,\&quot;static/chunks/7776-5971d9e696e6574c.js\&quot;,\&quot;7138\&quot;,\&quot;static/chunks/7138-d3b5c9d7e13d47b0.js\&quot;,\&quot;2889\&quot;,\&quot;static/chunks/2889-6b9f6864fdf07e8e.js\&quot;,\&quot;7515\&quot;,\&quot;static/chunks/7515-5284339c20e02f2b.js\&quot;,\&quot;5756\&quot;,\&quot;static/chunks/5756-5c6eee7035d1367d.js\&quot;,\&quot;5510\&quot;,\&quot;static/chunks/5510-32b4cc654e2434f2.js\&quot;,\&quot;3292\&quot;,\&quot;static/chunks/3292-c6e3b7fe95c24693.js\&quot;,\&quot;8073\&quot;,\&quot;static/chunks/8073-21c5aad119610172.js\&quot;,\&quot;3185\&quot;,\&quot;s&quot;])&lt;/script&gt;&lt;script&gt;self.__next_f.push([1,&quot;tatic/chunks/app/layout-365f3e6461494bb7.js\&quot;],\&quot;MobileBottomNav\&quot;]\n11:I[24186,[\&quot;7877\&quot;,\&quot;static/chunks/7877-cbefd0b46b02e9c4.js\&quot;,\&quot;7776\&quot;,\&quot;static/chunks/7776-5971d9e696e6574c.js\&quot;,\&quot;7138\&quot;,\&quot;static/chunks/7138-d3b5c9d7e13d47b0.js\&quot;,\&quot;2889\&quot;,\&quot;static/chunks/2889-6b9f6864fdf07e8e.js\&quot;,\&quot;7515\&quot;,\&quot;static/chunks/7515-5284339c20e02f2b.js\&quot;,\&quot;5756\&quot;,\&quot;static/chunks/5756-5c6eee7035d1367d.js\&quot;,\&quot;5510\&quot;,\&quot;static/chunks/5510-32b4cc654e2434f2.js\&quot;,\&quot;3292\&quot;,\&quot;static/chunks/3292-c6e3b7fe95c24693.js\&quot;,\&quot;8073\&quot;,\&quot;static/chunks/8073-21c5aad119610172.js\&quot;,\&quot;3185\&quot;,\&quot;static/chunks/app/layout-365f3e6461494bb7.js\&quot;],\&quot;Toaster\&quot;]\n13:I[76130,[],\&quot;\&quot;]\nc:{\&quot;fontFamily\&quot;:\&quot;system-ui,\\\&quot;Segoe UI\\\&quot;,Roboto,Helvetica,Arial,sans-serif,\\\&quot;Apple Color Emoji\\\&quot;,\\\&quot;Segoe UI Emoji\\\&quot;\&quot;,\&quot;height\&quot;:\&quot;100vh\&quot;,\&quot;textAlign\&quot;:\&quot;center\&quot;,\&quot;display\&quot;:\&quot;flex\&quot;,\&quot;flexDirection\&quot;:\&quot;column\&quot;,\&quot;alignItems\&quot;:\&quot;center\&quot;,\&quot;justifyContent\&quot;:\&quot;center\&quot;}\nd:{\&quot;display\&quot;:\&quot;inline-block\&quot;,\&quot;margin\&quot;:\&quot;0 20px 0 0\&quot;,\&quot;padding\&quot;:\&quot;0 23px 0 0\&quot;,\&quot;fontSize\&quot;:24,\&quot;fontWeight\&quot;:500,\&quot;verticalAlign\&quot;:\&quot;top\&quot;,\&quot;lineHeight\&quot;:\&quot;49px\&quot;}\ne:{\&quot;display\&quot;:\&quot;inline-block\&quot;}\nf:{\&quot;fontSize\&quot;:14,\&quot;fontWeight\&quot;:400,\&quot;lineHeight\&quot;:\&quot;49px\&quot;,\&quot;margin\&quot;:0}\n14:[]\n&quot;])&lt;/script&gt;&lt;script&gt;self.__next_f.push([1,&quot;0:[[[\&quot;$\&quot;,\&quot;link\&quot;,\&quot;0\&quot;,{\&quot;rel\&quot;:\&quot;stylesheet\&quot;,\&quot;href\&quot;:\&quot;/_next/static/css/356b162e06f5f7fe.css\&quot;,\&quot;precedence\&quot;:\&quot;next\&quot;,\&quot;crossOrigin\&quot;:\&quot;$undefined\&quot;}],[\&quot;$\&quot;,\&quot;link\&quot;,\&quot;1\&quot;,{\&quot;rel\&quot;:\&quot;stylesheet\&quot;,\&quot;href\&quot;:\&quot;/_next/static/css/7087c9d90474d9b6.css\&quot;,\&quot;precedence\&quot;:\&quot;next\&quot;,\&quot;crossOrigin\&quot;:\&quot;$undefined\&quot;}]],[\&quot;$\&quot;,\&quot;$L5\&quot;,null,{\&quot;buildId\&quot;:\&quot;plQE-GKOtrVbKc35qjC1O\&quot;,\&quot;assetPrefix\&quot;:\&quot;\&quot;,\&quot;initialCanonicalUrl\&quot;:\&quot;/api/auth/login\&quot;,\&quot;initialTree\&quot;:[\&quot;\&quot;,{\&quot;children\&quot;:[\&quot;/_not-found\&quot;,{\&quot;children\&quot;:[\&quot;__PAGE__\&quot;,{}]}]},\&quot;$undefined\&quot;,\&quot;$undefined\&quot;,true],\&quot;initialSeedData\&quot;:[\&quot;\&quot;,{\&quot;children\&quot;:[\&quot;/_not-found\&quot;,{\&quot;children\&quot;:[\&quot;__PAGE__\&quot;,{},[[\&quot;$L6\&quot;,[[\&quot;$\&quot;,\&quot;title\&quot;,null,{\&quot;children\&quot;:\&quot;404: This page could not be found.\&quot;}],[\&quot;$\&quot;,\&quot;div\&quot;,null,{\&quot;style\&quot;:{\&quot;fontFamily\&quot;:\&quot;system-ui,\\\&quot;Segoe UI\\\&quot;,Roboto,Helvetica,Arial,sans-serif,\\\&quot;Apple Color Emoji\\\&quot;,\\\&quot;Segoe UI Emoji\\\&quot;\&quot;,\&quot;height\&quot;:\&quot;100vh\&quot;,\&quot;textAlign\&quot;:\&quot;center\&quot;,\&quot;display\&quot;:\&quot;flex\&quot;,\&quot;flexDirection\&quot;:\&quot;column\&quot;,\&quot;alignItems\&quot;:\&quot;center\&quot;,\&quot;justifyContent\&quot;:\&quot;center\&quot;},\&quot;children\&quot;:[\&quot;$\&quot;,\&quot;div\&quot;,null,{\&quot;children\&quot;:[[\&quot;$\&quot;,\&quot;style\&quot;,null,{\&quot;dangerouslySetInnerHTML\&quot;:{\&quot;__html\&quot;:\&quot;body{color:#000;background:#fff;margin:0}.next-error-h1{border-right:1px solid rgba(0,0,0,.3)}@media (prefers-color-scheme:dark){body{color:#fff;background:#000}.next-error-h1{border-right:1px solid rgba(255,255,255,.3)}}\&quot;}}],[\&quot;$\&quot;,\&quot;h1\&quot;,null,{\&quot;className\&quot;:\&quot;next-error-h1\&quot;,\&quot;style\&quot;:{\&quot;display\&quot;:\&quot;inline-block\&quot;,\&quot;margin\&quot;:\&quot;0 20px 0 0\&quot;,\&quot;padding\&quot;:\&quot;0 23px 0 0\&quot;,\&quot;fontSize\&quot;:24,\&quot;fontWeight\&quot;:500,\&quot;verticalAlign\&quot;:\&quot;top\&quot;,\&quot;lineHeight\&quot;:\&quot;49px\&quot;},\&quot;children\&quot;:\&quot;404\&quot;}],[\&quot;$\&quot;,\&quot;div\&quot;,null,{\&quot;style\&quot;:{\&quot;display\&quot;:\&quot;inline-block\&quot;},\&quot;children\&quot;:[\&quot;$\&quot;,\&quot;h2\&quot;,null,{\&quot;style\&quot;:{\&quot;fontSize\&quot;:14,\&quot;fontWeight\&quot;:400,\&quot;lineHeight\&quot;:\&quot;49px\&quot;,\&quot;margin\&quot;:0},\&quot;children\&quot;:\&quot;This page could not be found.\&quot;}]}]]}]}]]],null],null]},[\&quot;$\&quot;,\&quot;$L7\&quot;,null,{\&quot;parallelRouterKey\&quot;:\&quot;children\&quot;,\&quot;segmentPath\&quot;:[\&quot;children\&quot;,\&quot;/_not-found\&quot;,\&quot;children\&quot;],\&quot;error\&quot;:\&quot;$undefined\&quot;,\&quot;errorStyles\&quot;:\&quot;$undefined\&quot;,\&quot;errorScripts\&quot;:\&quot;$undefined\&quot;,\&quot;template\&quot;:[\&quot;$\&quot;,\&quot;$L8\&quot;,null,{}],\&quot;templateStyles\&quot;:\&quot;$undefined\&quot;,\&quot;templateScripts\&quot;:\&quot;$undefined\&quot;,\&quot;notFound\&quot;:\&quot;$undefined\&quot;,\&quot;notFoundStyles\&quot;:\&quot;$undefined\&quot;,\&quot;styles\&quot;:null}],null]},[[\&quot;$\&quot;,\&quot;html\&quot;,null,{\&quot;lang\&quot;:\&quot;en\&quot;,\&quot;children\&quot;:[[\&quot;$\&quot;,\&quot;head\&quot;,null,{\&quot;children\&quot;:[[\&quot;$\&quot;,\&quot;link\&quot;,null,{\&quot;rel\&quot;:\&quot;apple-touch-icon\&quot;,\&quot;href\&quot;:\&quot;/icons/icon-192x192.png\&quot;}],[\&quot;$\&quot;,\&quot;link\&quot;,null,{\&quot;rel\&quot;:\&quot;icon\&quot;,\&quot;href\&quot;:\&quot;/favicon.ico\&quot;}],[\&quot;$\&quot;,\&quot;meta\&quot;,null,{\&quot;name\&quot;:\&quot;apple-mobile-web-app-capable\&quot;,\&quot;content\&quot;:\&quot;yes\&quot;}],[\&quot;$\&quot;,\&quot;meta\&quot;,null,{\&quot;name\&quot;:\&quot;apple-mobile-web-app-status-bar-style\&quot;,\&quot;content\&quot;:\&quot;default\&quot;}],[\&quot;$\&quot;,\&quot;meta\&quot;,null,{\&quot;name\&quot;:\&quot;apple-mobile-web-app-title\&quot;,\&quot;content\&quot;:\&quot;Gostaylo\&quot;}],[\&quot;$\&quot;,\&quot;meta\&quot;,null,{\&quot;name\&quot;:\&quot;theme-color\&quot;,\&quot;content\&quot;:\&quot;#0d9488\&quot;}]]}],[\&quot;$\&quot;,\&quot;body\&quot;,null,{\&quot;className\&quot;:\&quot;__className_fcbcbf\&quot;,\&quot;children\&quot;:[\&quot;$\&quot;,\&quot;$L9\&quot;,null,{\&quot;children\&quot;:[[\&quot;$\&quot;,\&quot;$La\&quot;,null,{}],[\&quot;$\&quot;,\&quot;$Lb\&quot;,null,{\&quot;children\&quot;:[\&quot;$\&quot;,\&quot;$L7\&quot;,null,{\&quot;parallelRouterKey\&quot;:\&quot;children\&quot;,\&quot;segmentPath\&quot;:[\&quot;children\&quot;],\&quot;error\&quot;:\&quot;$undefined\&quot;,\&quot;errorStyles\&quot;:\&quot;$undefined\&quot;,\&quot;errorScripts\&quot;:\&quot;$undefined\&quot;,\&quot;template\&quot;:[\&quot;$\&quot;,\&quot;$L8\&quot;,null,{}],\&quot;templateStyles\&quot;:\&quot;$undefined\&quot;,\&quot;templateScripts\&quot;:\&quot;$undefined\&quot;,\&quot;notFound\&quot;:[[\&quot;$\&quot;,\&quot;title\&quot;,null,{\&quot;children\&quot;:\&quot;404: This page could not be found.\&quot;}],[\&quot;$\&quot;,\&quot;div\&quot;,null,{\&quot;style\&quot;:\&quot;$c\&quot;,\&quot;children\&quot;:[\&quot;$\&quot;,\&quot;div\&quot;,null,{\&quot;children\&quot;:[[\&quot;$\&quot;,\&quot;style\&quot;,null,{\&quot;dangerouslySetInnerHTML\&quot;:{\&quot;__html\&quot;:\&quot;body{color:#000;background:#fff;margin:0}.next-error-h1{border-right:1px solid rgba(0,0,0,.3)}@media (prefers-color-scheme:dark){body{color:#fff;background:#000}.next-error-h1{border-right:1px solid rgba(255,255,255,.3)}}\&quot;}}],[\&quot;$\&quot;,\&quot;h1\&quot;,null,{\&quot;className\&quot;:\&quot;next-error-h1\&quot;,\&quot;style\&quot;:\&quot;$d\&quot;,\&quot;children\&quot;:\&quot;404\&quot;}],[\&quot;$\&quot;,\&quot;div\&quot;,null,{\&quot;style\&quot;:\&quot;$e\&quot;,\&quot;children\&quot;:[\&quot;$\&quot;,\&quot;h2\&quot;,null,{\&quot;style\&quot;:\&quot;$f\&quot;,\&quot;children\&quot;:\&quot;This page could not be found.\&quot;}]}]]}]}]],\&quot;notFoundStyles\&quot;:[],\&quot;styles\&quot;:null}]}],[\&quot;$\&quot;,\&quot;$L10\&quot;,null,{}],[\&quot;$\&quot;,\&quot;$L11\&quot;,null,{}]]}]}]]}],null],null],\&quot;couldBeIntercepted\&quot;:false,\&quot;initialHead\&quot;:[[\&quot;$\&quot;,\&quot;meta\&quot;,null,{\&quot;name\&quot;:\&quot;robots\&quot;,\&quot;content\&quot;:\&quot;noindex\&quot;}],\&quot;$L12\&quot;],\&quot;globalErrorComponent\&quot;:\&quot;$13\&quot;,\&quot;missingSlots\&quot;:\&quot;$W14\&quot;}]]\n&quot;])&lt;/script&gt;&lt;script&gt;self.__next_f.push([1,&quot;12:[[\&quot;$\&quot;,\&quot;meta\&quot;,\&quot;0\&quot;,{\&quot;name\&quot;:\&quot;viewport\&quot;,\&quot;content\&quot;:\&quot;width=device-width, initial-scale=1, maximum-scale=1, user-scalable=no\&quot;}],[\&quot;$\&quot;,\&quot;meta\&quot;,\&quot;1\&quot;,{\&quot;name\&quot;:\&quot;theme-color\&quot;,\&quot;content\&quot;:\&quot;#0d9488\&quot;}],[\&quot;$\&quot;,\&quot;meta\&quot;,\&quot;2\&quot;,{\&quot;charSet\&quot;:\&quot;utf-8\&quot;}],[\&quot;$\&quot;,\&quot;title\&quot;,\&quot;3\&quot;,{\&quot;children\&quot;:\&quot;Gostaylo - Premium Global Rentals\&quot;}],[\&quot;$\&quot;,\&quot;meta\&quot;,\&quot;4\&quot;,{\&quot;name\&quot;:\&quot;description\&quot;,\&quot;content\&quot;:\&quot;Premium villas, yachts, transport and tours worldwide. Book your perfect stay with Gostaylo.\&quot;}],[\&quot;$\&quot;,\&quot;meta\&quot;,\&quot;5\&quot;,{\&quot;name\&quot;:\&quot;author\&quot;,\&quot;content\&quot;:\&quot;Gostaylo\&quot;}],[\&quot;$\&quot;,\&quot;link\&quot;,\&quot;6\&quot;,{\&quot;rel\&quot;:\&quot;manifest\&quot;,\&quot;href\&quot;:\&quot;/manifest.json\&quot;,\&quot;crossOrigin\&quot;:\&quot;use-credentials\&quot;}],[\&quot;$\&quot;,\&quot;meta\&quot;,\&quot;7\&quot;,{\&quot;name\&quot;:\&quot;keywords\&quot;,\&quot;content\&quot;:\&quot;rentals, villas, yachts, phuket, thailand, luxury, vacation, holiday\&quot;}],[\&quot;$\&quot;,\&quot;meta\&quot;,\&quot;8\&quot;,{\&quot;name\&quot;:\&quot;apple-mobile-web-app-capable\&quot;,\&quot;content\&quot;:\&quot;yes\&quot;}],[\&quot;$\&quot;,\&quot;meta\&quot;,\&quot;9\&quot;,{\&quot;name\&quot;:\&quot;apple-mobile-web-app-title\&quot;,\&quot;content\&quot;:\&quot;Gostaylo\&quot;}],[\&quot;$\&quot;,\&quot;meta\&quot;,\&quot;10\&quot;,{\&quot;name\&quot;:\&quot;apple-mobile-web-app-status-bar-style\&quot;,\&quot;content\&quot;:\&quot;default\&quot;}],[\&quot;$\&quot;,\&quot;meta\&quot;,\&quot;11\&quot;,{\&quot;property\&quot;:\&quot;og:title\&quot;,\&quot;content\&quot;:\&quot;Gostaylo - Premium Global Rentals\&quot;}],[\&quot;$\&quot;,\&quot;meta\&quot;,\&quot;12\&quot;,{\&quot;property\&quot;:\&quot;og:description\&quot;,\&quot;content\&quot;:\&quot;Premium villas, yachts, transport and tours worldwide. Book your perfect stay.\&quot;}],[\&quot;$\&quot;,\&quot;meta\&quot;,\&quot;13\&quot;,{\&quot;property\&quot;:\&quot;og:url\&quot;,\&quot;content\&quot;:\&quot;https://www.gostaylo.com\&quot;}],[\&quot;$\&quot;,\&quot;meta\&quot;,\&quot;14\&quot;,{\&quot;property\&quot;:\&quot;og:site_name\&quot;,\&quot;content\&quot;:\&quot;Gostaylo\&quot;}],[\&quot;$\&quot;,\&quot;meta\&quot;,\&quot;15\&quot;,{\&quot;property\&quot;:\&quot;og:locale\&quot;,\&quot;content\&quot;:\&quot;en_US\&quot;}],[\&quot;$\&quot;,\&quot;meta\&quot;,\&quot;16\&quot;,{\&quot;property\&quot;:\&quot;og:image\&quot;,\&quot;content\&quot;:\&quot;https://www.gostaylo.com/og-image.png\&quot;}],[\&quot;$\&quot;,\&quot;meta\&quot;,\&quot;17\&quot;,{\&quot;property\&quot;:\&quot;og:image:width\&quot;,\&quot;content\&quot;:\&quot;1200\&quot;}],[\&quot;$\&quot;,\&quot;meta\&quot;,\&quot;18\&quot;,{\&quot;property\&quot;:\&quot;og:image:height\&quot;,\&quot;content\&quot;:\&quot;630\&quot;}],[\&quot;$\&quot;,\&quot;meta\&quot;,\&quot;19\&quot;,{\&quot;property\&quot;:\&quot;og:image:alt\&quot;,\&quot;content\&quot;:\&quot;Gostaylo - Premium Global Rentals\&quot;}],[\&quot;$\&quot;,\&quot;meta\&quot;,\&quot;20\&quot;,{\&quot;property\&quot;:\&quot;og:type\&quot;,\&quot;content\&quot;:\&quot;website\&quot;}],[\&quot;$\&quot;,\&quot;meta\&quot;,\&quot;21\&quot;,{\&quot;name\&quot;:\&quot;twitter:card\&quot;,\&quot;content\&quot;:\&quot;summary_large_image\&quot;}],[\&quot;$\&quot;,\&quot;meta\&quot;,\&quot;22\&quot;,{\&quot;name\&quot;:\&quot;twitter:title\&quot;,\&quot;content\&quot;:\&quot;Gostaylo - Premium Global Rentals\&quot;}],[\&quot;$\&quot;,\&quot;meta\&quot;,\&quot;23\&quot;,{\&quot;name\&quot;:\&quot;twitter:description\&quot;,\&quot;content\&quot;:\&quot;Premium villas, yachts, transport and tours worldwide.\&quot;}],[\&quot;$\&quot;,\&quot;meta\&quot;,\&quot;24\&quot;,{\&quot;name\&quot;:\&quot;twitter:image\&quot;,\&quot;content\&quot;:\&quot;https://www.gostaylo.com/og-image.png\&quot;}],[\&quot;$\&quot;,\&quot;meta\&quot;,\&quot;25\&quot;,{\&quot;name\&quot;:\&quot;next-size-adjust\&quot;}]]\n&quot;])&lt;/script&gt;&lt;script&gt;self.__next_f.push([1,&quot;6:null\n&quot;])&lt;/script&gt;&lt;/body&gt;&lt;/html&gt;&#10;assert 404 == 200&#10; +  where 404 = &lt;Response [404]&gt;.status_code">test_reports/pytest/test_comprehensive_e2e_v25.py:467: in test_login_valid_partner
    assert res.status_code == 200, f"Partner login failed: {res.text}"
E   AssertionError: Partner login failed: &lt;!DOCTYPE html&gt;&lt;html lang="en"&gt;&lt;head&gt;&lt;meta charSet="utf-8"/&gt;&lt;meta name="viewport" content="width=device-width, initial-scale=1, maximum-scale=1, user-scalable=no"/&gt;&lt;link rel="stylesheet" href="/_next/static/css/356b162e06f5f7fe.css" data-precedence="next"/&gt;&lt;link rel="stylesheet" href="/_next/static/css/7087c9d90474d9b6.css" data-precedence="next"/&gt;&lt;link rel="preload" as="script" fetchPriority="low" href="/_next/static/chunks/webpack-6892a2dc2ffc8f6d.js"/&gt;&lt;script src="/_next/static/chunks/fd9d1056-c9f96fb20e241b43.js" async=""&gt;&lt;/script&gt;&lt;script src="/_next/static/chunks/7023-f4e51b7db23eb561.js" async=""&gt;&lt;/script&gt;&lt;script src="/_next/static/chunks/main-app-55bbd77d79f9187f.js" async=""&gt;&lt;/script&gt;&lt;script src="/_next/static/chunks/7877-cbefd0b46b02e9c4.js" async=""&gt;&lt;/script&gt;&lt;script src="/_next/static/chunks/7776-5971d9e696e6574c.js" async=""&gt;&lt;/script&gt;&lt;script src="/_next/static/chunks/7138-d3b5c9d7e13d47b0.js" async=""&gt;&lt;/script&gt;&lt;script src="/_next/static/chunks/2889-6b9f6864fdf07e8e.js" async=""&gt;&lt;/script&gt;&lt;script src="/_next/static/chunks/7515-5284339c20e02f2b.js" async=""&gt;&lt;/script&gt;&lt;script src="/_next/static/chunks/5756-5c6eee7035d1367d.js" async=""&gt;&lt;/script&gt;&lt;script src="/_next/static/chunks/5510-32b4cc654e2434f2.js" async=""&gt;&lt;/script&gt;&lt;script src="/_next/static/chunks/3292-c6e3b7fe95c24693.js" async=""&gt;&lt;/script&gt;&lt;script src="/_next/static/chunks/8073-21c5aad119610172.js" async=""&gt;&lt;/script&gt;&lt;script src="/_next/static/chunks/app/layout-365f3e6461494bb7.js" async=""&gt;&lt;/script&gt;&lt;meta name="robots" content="noindex"/&gt;&lt;link rel="apple-touch-icon" href="/icons/icon-192x192.png"/&gt;&lt;link rel="icon" href="/favicon.ico"/&gt;&lt;meta name="apple-mobile-web-app-capable" content="yes"/&gt;&lt;meta name="apple-mobile-web-app-status-bar-style" content="default"/&gt;&lt;meta name="apple-mobile-web-app-title" content="Gostaylo"/&gt;&lt;meta name="theme-color" content="#0d9488"/&gt;&lt;title&gt;404: This page could not be found.&lt;/title&gt;&lt;meta name="theme-color" content="#0d9488"/&gt;&lt;title&gt;Gostaylo - Premium Global Rentals&lt;/title&gt;&lt;meta name="description" content="Premium villas, yachts, transport and tours worldwide. Book your perfect stay with Gostaylo."/&gt;&lt;meta name="author" content="Gostaylo"/&gt;&lt;link rel="manifest" href="/manifest.json" crossorigin="use-credentials"/&gt;&lt;meta name="keywords" content="rentals, villas, yachts, phuket, thailand, luxury, vacation, holiday"/&gt;&lt;meta name="apple-mobile-web-app-capable" content="yes"/&gt;&lt;meta name="apple-mobile-web-app-title" content="Gostaylo"/&gt;&lt;meta name="apple-mobile-web-app-status-bar-style" content="default"/&gt;&lt;meta property="og:title" content="Gostaylo - Premium Global Rentals"/&gt;&lt;meta property="og:description" content="Premium villas, yachts, transport and tours worldwide. Book your perfect stay."/&gt;&lt;meta property="og:url" content="https://www.gostaylo.com"/&gt;&lt;meta property="og:site_name" content="Gostaylo"/&gt;&lt;meta property="og:locale" content="en_US"/&gt;&lt;meta property="og:image" content="https://www.gostaylo.com/og-image.png"/&gt;&lt;meta property="og:image:width" content="1200"/&gt;&lt;meta property="og:image:height" content="630"/&gt;&lt;meta property="og:image:alt" content="Gostaylo - Premium Global Rentals"/&gt;&lt;meta property="og:type" content="website"/&gt;&lt;meta name="twitter:card" content="summary_large_image"/&gt;&lt;meta name="twitter:title" content="Gostaylo - Premium Global Rentals"/&gt;&lt;meta name="twitter:description" content="Premium villas, yachts, transport and tours worldwide."/&gt;&lt;meta name="twitter:image" content="https://www.gostaylo.com/og-image.png"/&gt;&lt;meta name="next-size-adjust"/&gt;&lt;script src="/_next/static/chunks/polyfills-78c92fac7aa8fdd8.js" noModule=""&gt;&lt;/script&gt;&lt;/head&gt;&lt;body class="__className_fcbcbf"&gt;&lt;div class="pt-14"&gt;&lt;div style="font-family:system-ui,&amp;quot;Segoe UI&amp;quot;,Roboto,Helvetica,Arial,sans-serif,&amp;quot;Apple Color Emoji&amp;quot;,&amp;quot;Segoe UI Emoji&amp;quot;;height:100vh;text-align:center;display:flex;flex-direction:column;align-items:center;justify-content:center"&gt;&lt;div&gt;&lt;style&gt;body{color:#000;background:#fff;margin:0}.next-error-h1{border-right:1px solid rgba(0,0,0,.3)}@media (prefers-color-scheme:dark){body{color:#fff;background:#000}.next-error-h1{border-right:1px solid rgba(255,255,255,.3)}}&lt;/style&gt;&lt;h1 class="next-error-h1" style="display:inline-block;margin:0 20px 0 0;padding:0 23px 0 0;font-size:24px;font-weight:500;vertical-align:top;line-height:49px"&gt;404&lt;/h1&gt;&lt;div style="display:inline-block"&gt;&lt;h2 style="font-size:14px;font-weight:400;line-height:49px;margin:0"&gt;This page could not be found.&lt;/h2&gt;&lt;/div&gt;&lt;/div&gt;&lt;/div&gt;&lt;/div&gt;&lt;section aria-label="Notifications alt+T" tabindex="-1" aria-live="polite" aria-relevant="additions text" aria-atomic="false"&gt;&lt;/section&gt;&lt;script src="/_next/static/chunks/webpack-6892a2dc2ffc8f6d.js" async=""&gt;&lt;/script&gt;&lt;script&gt;(self.__next_f=self.__next_f||[]).push([0]);self.__next_f.push([2,null])&lt;/script&gt;&lt;script&gt;self.__next_f.push([1,"1:HL[\"/_next/static/media/21350d82a1f187e9-s.p.woff2\",\"font\",{\"crossOrigin\":\"\",\"type\":\"font/woff2\"}]\n2:HL[\"/_next/static/media/e4af272ccee01ff0-s.p.woff2\",\"font\",{\"crossOrigin\":\"\",\"type\":\"font/woff2\"}]\n3:HL[\"/_next/static/css/356b162e06f5f7fe.css\",\"style\"]\n4:HL[\"/_next/static/css/7087c9d90474d9b6.css\",\"style\"]\n"])&lt;/script&gt;&lt;script&gt;self.__next_f.push([1,"5:I[95751,[],\"\"]\n7:I[39275,[],\"\"]\n8:I[61343,[],\"\"]\n9:I[18073,[\"7877\",\"static/chunks/7877-cbefd0b46b02e9c4.js\",\"7776\",\"static/chunks/7776-5971d9e696e6574c.js\",\"7138\",\"static/chunks/7138-d3b5c9d7e13d47b0.js\",\"2889\",\"static/chunks/2889-6b9f6864fdf07e8e.js\",\"7515\",\"static/chunks/7515-5284339c20e02f2b.js\",\"5756\",\"static/chunks/5756-5c6eee7035d1367d.js\",\"5510\",\"static/chunks/5510-32b4cc654e2434f2.js\",\"3292\",\"static/chunks/3292-c6e3b7fe95c24693.js\",\"8073\",\"static/chunks/8073-21c5aad119610172.js\",\"3185\",\"static/chunks/app/layout-365f3e6461494bb7.js\"],\"AuthProvider\"]\na:I[24328,[\"7877\",\"static/chunks/7877-cbefd0b46b02e9c4.js\",\"7776\",\"static/chunks/7776-5971d9e696e6574c.js\",\"7138\",\"static/chunks/7138-d3b5c9d7e13d47b0.js\",\"2889\",\"static/chunks/2889-6b9f6864fdf07e8e.js\",\"7515\",\"static/chunks/7515-5284339c20e02f2b.js\",\"5756\",\"static/chunks/5756-5c6eee7035d1367d.js\",\"5510\",\"static/chunks/5510-32b4cc654e2434f2.js\",\"3292\",\"static/chunks/3292-c6e3b7fe95c24693.js\",\"8073\",\"static/chunks/8073-21c5aad119610172.js\",\"3185\",\"static/chunks/app/layout-365f3e6461494bb7.js\"],\"UniversalHeader\"]\nb:I[63203,[\"7877\",\"static/chunks/7877-cbefd0b46b02e9c4.js\",\"7776\",\"static/chunks/7776-5971d9e696e6574c.js\",\"7138\",\"static/chunks/7138-d3b5c9d7e13d47b0.js\",\"2889\",\"static/chunks/2889-6b9f6864fdf07e8e.js\",\"7515\",\"static/chunks/7515-5284339c20e02f2b.js\",\"5756\",\"static/chunks/5756-5c6eee7035d1367d.js\",\"5510\",\"static/chunks/5510-32b4cc654e2434f2.js\",\"3292\",\"static/chunks/3292-c6e3b7fe95c24693.js\",\"8073\",\"static/chunks/8073-21c5aad119610172.js\",\"3185\",\"static/chunks/app/layout-365f3e6461494bb7.js\"],\"MainContent\"]\n10:I[22354,[\"7877\",\"static/chunks/7877-cbefd0b46b02e9c4.js\",\"7776\",\"static/chunks/7776-5971d9e696e6574c.js\",\"7138\",\"static/chunks/7138-d3b5c9d7e13d47b0.js\",\"2889\",\"static/chunks/2889-6b9f6864fdf07e8e.js\",\"7515\",\"static/chunks/7515-5284339c20e02f2b.js\",\"5756\",\"static/chunks/5756-5c6eee7035d1367d.js\",\"5510\",\"static/chunks/5510-32b4cc654e2434f2.js\",\"3292\",\"static/chunks/3292-c6e3b7fe95c24693.js\",\"8073\",\"static/chunks/8073-21c5aad119610172.js\",\"3185\",\"s"])&lt;/script&gt;&lt;script&gt;self.__next_f.push([1,"tatic/chunks/app/layout-365f3e6461494bb7.js\"],\"MobileBottomNav\"]\n11:I[24186,[\"7877\",\"static/chunks/7877-cbefd0b46b02e9c4.js\",\"7776\",\"static/chunks/7776-5971d9e696e6574c.js\",\"7138\",\"static/chunks/7138-d3b5c9d7e13d47b0.js\",\"2889\",\"static/chunks/2889-6b9f6864fdf07e8e.js\",\"7515\",\"static/chunks/7515-5284339c20e02f2b.js\",\"5756\",\"static/chunks/5756-5c6eee7035d1367d.js\",\"5510\",\"static/chunks/5510-32b4cc654e2434f2.js\",\"3292\",\"static/chunks/3292-c6e3b7fe95c24693.js\",\"8073\",\"static/chunks/8073-21c5aad119610172.js\",\"3185\",\"static/chunks/app/layout-365f3e6461494bb7.js\"],\"Toaster\"]\n13:I[76130,[],\"\"]\nc:{\"fontFamily\":\"system-ui,\\\"Segoe UI\\\",Roboto,Helvetica,Arial,sans-serif,\\\"Apple Color Emoji\\\",\\\"Segoe UI Emoji\\\"\",\"height\":\"100vh\",\"textAlign\":\"center\",\"display\":\"flex\",\"flexDirection\":\"column\",\"alignItems\":\"center\",\"justifyContent\":\"center\"}\nd:{\"display\":\"inline-block\",\"margin\":\"0 20px 0 0\",\"padding\":\"0 23px 0 0\",\"fontSize\":24,\"fontWeight\":500,\"verticalAlign\":\"top\",\"lineHeight\":\"49px\"}\ne:{\"display\":\"inline-block\"}\nf:{\"fontSize\":14,\"fontWeight\":400,\"lineHeight\":\"49px\",\"margin\":0}\n14:[]\n"])&lt;/script&gt;&lt;script&gt;self.__next_f.push([1,"0:[[[\"$\",\"link\",\"0\",{\"rel\":\"stylesheet\",\"href\":\"/_next/static/css/356b162e06f5f7fe.css\",\"precedence\":\"next\",\"crossOrigin\":\"$undefined\"}],[\"$\",\"link\",\"1\",{\"rel\":\"stylesheet\",\"href\":\"/_next/static/css/7087c9d90474d9b6.css\",\"precedence\":\"next\",\"crossOrigin\":\"$undefined\"}]],[\"$\",\"$L5\",null,{\"buildId\":\"plQE-GKOtrVbKc35qjC1O\",\"assetPrefix\":\"\",\"initialCanonicalUrl\":\"/api/auth/login\",\"initialTree\":[\"\",{\"children\":[\"/_not-found\",{\"children\":[\"__PAGE__\",{}]}]},\"$undefined\",\"$undefined\",true],\"initialSeedData\":[\"\",{\"children\":[\"/_not-found\",{\"children\":[\"__PAGE__\",{},[[\"$L6\",[[\"$\",\"title\",null,{\"children\":\"404: This page could not be found.\"}],[\"$\",\"div\",null,{\"style\":{\"fontFamily\":\"system-ui,\\\"Segoe UI\\\",Roboto,Helvetica,Arial,sans-serif,\\\"Apple Color Emoji\\\",\\\"Segoe UI Emoji\\\"\",\"height\":\"100vh\",\"textAlign\":\"center\",\"display\":\"flex\",\"flexDirection\":\"column\",\"alignItems\":\"center\",\"justifyContent\":\"center\"},\"children\":[\"$\",\"div\",null,{\"children\":[[\"$\",\"style\",null,{\"dangerouslySetInnerHTML\":{\"__html\":\"body{color:#000;background:#fff;margin:0}.next-error-h1{border-right:1px solid rgba(0,0,0,.3)}@media (prefers-color-scheme:dark){body{color:#fff;background:#000}.next-error-h1{border-right:1px solid rgba(255,255,255,.3)}}\"}}],[\"$\",\"h1\",null,{\"className\":\"next-error-h1\",\"style\":{\"display\":\"inline-block\",\"margin\":\"0 
[...]
vacation, holiday\&quot;}],[\&quot;$\&quot;,\&quot;meta\&quot;,\&quot;8\&quot;,{\&quot;name\&quot;:\&quot;apple-mobile-web-app-capable\&quot;,\&quot;content\&quot;:\&quot;yes\&quot;}],[\&quot;$\&quot;,\&quot;meta\&quot;,\&quot;9\&quot;,{\&quot;name\&quot;:\&quot;apple-mobile-web-app-title\&quot;,\&quot;content\&quot;:\&quot;Gostaylo\&quot;}],[\&quot;$\&quot;,\&quot;meta\&quot;,\&quot;10\&quot;,{\&quot;name\&quot;:\&quot;apple-mobile-web-app-status-bar-style\&quot;,\&quot;content\&quot;:\&quot;default\&quot;}],[\&quot;$\&quot;,\&quot;meta\&quot;,\&quot;11\&quot;,{\&quot;property\&quot;:\&quot;og:title\&quot;,\&quot;content\&quot;:\&quot;Gostaylo - Premium Global Rentals\&quot;}],[\&quot;$\&quot;,\&quot;meta\&quot;,\&quot;12\&quot;,{\&quot;property\&quot;:\&quot;og:description\&quot;,\&quot;content\&quot;:\&quot;Premium villas, yachts, transport and tours worldwide. Book your perfect stay.\&quot;}],[\&quot;$\&quot;,\&quot;meta\&quot;,\&quot;13\&quot;,{\&quot;property\&quot;:\&quot;og:url\&quot;,\&quot;content\&quot;:\&quot;https://www.gostaylo.com\&quot;}],[\&quot;$\&quot;,\&quot;meta\&quot;,\&quot;14\&quot;,{\&quot;property\&quot;:\&quot;og:site_name\&quot;,\&quot;content\&quot;:\&quot;Gostaylo\&quot;}],[\&quot;$\&quot;,\&quot;meta\&quot;,\&quot;15\&quot;,{\&quot;property\&quot;:\&quot;og:locale\&quot;,\&quot;content\&quot;:\&quot;en_US\&quot;}],[\&quot;$\&quot;,\&quot;meta\&quot;,\&quot;16\&quot;,{\&quot;property\&quot;:\&quot;og:image\&quot;,\&quot;content\&quot;:\&quot;https://www.gostaylo.com/og-image.png\&quot;}],[\&quot;$\&quot;,\&quot;meta\&quot;,\&quot;17\&quot;,{\&quot;property\&quot;:\&quot;og:image:width\&quot;,\&quot;content\&quot;:\&quot;1200\&quot;}],[\&quot;$\&quot;,\&quot;meta\&quot;,\&quot;18\&quot;,{\&quot;property\&quot;:\&quot;og:image:height\&quot;,\&quot;content\&quot;:\&quot;630\&quot;}],[\&quot;$\&quot;,\&quot;meta\&quot;,\&quot;19\&quot;,{\&quot;property\&quot;:\&quot;og:image:alt\&quot;,\&quot;content\&quot;:\&quot;Gostaylo - Premium Global Rentals\&quot;}],[\&quot;$\&quot;,\&quot;meta\&quot;,\&quot;20\&quot;,{\&quot;property\&quot;:\&quot;og:type\&quot;,\&quot;content\&quot;:\&quot;website\&quot;}],[\&quot;$\&quot;,\&quot;meta\&quot;,\&quot;21\&quot;,{\&quot;name\&quot;:\&quot;twitter:card\&quot;,\&quot;content\&quot;:\&quot;summary_large_image\&quot;}],[\&quot;$\&quot;,\&quot;meta\&quot;,\&quot;22\&quot;,{\&quot;name\&quot;:\&quot;twitter:title\&quot;,\&quot;content\&quot;:\&quot;Gostaylo - Premium Global Rentals\&quot;}],[\&quot;$\&quot;,\&quot;meta\&quot;,\&quot;23\&quot;,{\&quot;name\&quot;:\&quot;twitter:description\&quot;,\&quot;content\&quot;:\&quot;Premium villas, yachts, transport and tours worldwide.\&quot;}],[\&quot;$\&quot;,\&quot;meta\&quot;,\&quot;24\&quot;,{\&quot;name\&quot;:\&quot;twitter:image\&quot;,\&quot;content\&quot;:\&quot;https://www.gostaylo.com/og-image.png\&quot;}],[\&quot;$\&quot;,\&quot;meta\&quot;,\&quot;25\&quot;,{\&quot;name\&quot;:\&quot;next-size-adjust\&quot;}]]\n&quot;])&lt;/script&gt;&lt;script&gt;self.__next_f.push([1,&quot;6:null\n&quot;])&lt;/script&gt;&lt;/body&gt;&lt;/html&gt;&#10;assert 404 == 200&#10; +  where 404 = &lt;Response [404]&gt;.status_code">test_reports/pytest/test_comprehensive_e2e_v25.py:475: in test_login_valid_admin
    assert res.status_code == 200, f"Admin login failed: {res.text}"
E   AssertionError: Admin login failed: &lt;!DOCTYPE html&gt;&lt;html lang="en"&gt;&lt;head&gt;&lt;meta charSet="utf-8"/&gt;&lt;meta name="viewport" content="width=device-width, initial-scale=1, maximum-scale=1, user-scalable=no"/&gt;&lt;link rel="stylesheet" href="/_next/static/css/356b162e06f5f7fe.css" data-precedence="next"/&gt;&lt;link rel="stylesheet" href="/_next/static/css/7087c9d90474d9b6.css" data-precedence="next"/&gt;&lt;link rel="preload" as="script" fetchPriority="low" href="/_next/static/chunks/webpack-6892a2dc2ffc8f6d.js"/&gt;&lt;script src="/_next/static/chunks/fd9d1056-c9f96fb20e241b43.js" async=""&gt;&lt;/script&gt;&lt;script src="/_next/static/chunks/7023-f4e51b7db23eb561.js" async=""&gt;&lt;/script&gt;&lt;script src="/_next/static/chunks/main-app-55bbd77d79f9187f.js" async=""&gt;&lt;/script&gt;&lt;script src="/_next/static/chunks/7877-cbefd0b46b02e9c4.js" async=""&gt;&lt;/script&gt;&lt;script src="/_next/static/chunks/7776-5971d9e696e6574c.js" async=""&gt;&lt;/script&gt;&lt;script src="/_next/static/chunks/7138-d3b5c9d7e13d47b0.js" async=""&gt;&lt;/script&gt;&lt;script src="/_next/static/chunks/2889-6b9f6864fdf07e8e.js" async=""&gt;&lt;/script&gt;&lt;script src="/_next/static/chunks/7515-5284339c20e02f2b.js" async=""&gt;&lt;/script&gt;&lt;script src="/_next/static/chunks/5756-5c6eee7035d1367d.js" async=""&gt;&lt;/script&gt;&lt;script src="/_next/static/chunks/5510-32b4cc654e2434f2.js" async=""&gt;&lt;/script&gt;&lt;script src="/_next/static/chunks/3292-c6e3b7fe95c24693.js" async=""&gt;&lt;/script&gt;&lt;script src="/_next/static/chunks/8073-21c5aad119610172.js" async=""&gt;&lt;/script&gt;&lt;script src="/_next/static/chunks/app/layout-365f3e6461494bb7.js" async=""&gt;&lt;/script&gt;&lt;meta name="robots" content="noindex"/&gt;&lt;link rel="apple-touch-icon" href="/icons/icon-192x192.png"/&gt;&lt;link rel="icon" href="/favicon.ico"/&gt;&lt;meta name="apple-mobile-web-app-capable" content="yes"/&gt;&lt;meta name="apple-mobile-web-app-status-bar-style" content="default"/&gt;&lt;meta name="apple-mobile-web-app-title" content="Gostaylo"/&gt;&lt;meta name="theme-color" content="#0d9488"/&gt;&lt;title&gt;404: This page could not be found.&lt;/title&gt;&lt;meta name="theme-color" content="#0d9488"/&gt;&lt;title&gt;Gostaylo - Premium Global Rentals&lt;/title&gt;&lt;meta name="description" content="Premium villas, yachts, transport and tours worldwide. Book your perfect stay with Gostaylo."/&gt;&lt;meta name="author" content="Gostaylo"/&gt;&lt;link rel="manifest" href="/manifest.json" crossorigin="use-credentials"/&gt;&lt;meta name="keywords" content="rentals, villas, yachts, phuket, thailand, luxury, vacation, holiday"/&gt;&lt;meta name="apple-mobile-web-app-capable" content="yes"/&gt;&lt;meta name="apple-mobile-web-app-title" content="Gostaylo"/&gt;&lt;meta name="apple-mobile-web-app-status-bar-style" content="default"/&gt;&lt;meta property="og:title" content="Gostaylo - Premium Global Rentals"/&gt;&lt;meta property="og:description" content="Premium villas, yachts, transport and tours worldwide. Book your perfect stay."/&gt;&lt;meta property="og:url" content="https://www.gostaylo.com"/&gt;&lt;meta property="og:site_name" content="Gostaylo"/&gt;&lt;meta property="og:locale" content="en_US"/&gt;&lt;meta property="og:image" content="https://www.gostaylo.com/og-image.png"/&gt;&lt;meta property="og:image:width" content="1200"/&gt;&lt;meta property="og:image:height" content="630"/&gt;&lt;meta property="og:image:alt" content="Gostaylo - Premium Global Rentals"/&gt;&lt;meta property="og:type" content="website"/&gt;&lt;meta name="twitter:card" content="summary_large_image"/&gt;&lt;meta name="twitter:title" content="Gostaylo - Premium Global Rentals"/&gt;&lt;meta name="twitter:description" content="Premium villas, yachts, transport and tours worldwide."/&gt;&lt;meta name="twitter:image" content="https://www.gostaylo.com/og-image.png"/&gt;&lt;meta name="next-size-adjust"/&gt;&lt;script src="/_next/static/chunks/polyfills-78c92fac7aa8fdd8.js" noModule=""&gt;&lt;/script&gt;&lt;/head&gt;&lt;body class="__className_fcbcbf"&gt;&lt;div class="pt-14"&gt;&lt;div style="font-family:system-ui,&amp;quot;Segoe UI&amp;quot;,Roboto,Helvetica,Arial,sans-serif,&amp;quot;Apple Color Emoji&amp;quot;,&amp;quot;Segoe UI Emoji&amp;quot;;height:100vh;text-align:center;display:flex;flex-direction:column;align-items:center;justify-content:center"&gt;&lt;div&gt;&lt;style&gt;body{color:#000;background:#fff;margin:0}.next-error-h1{border-right:1px solid rgba(0,0,0,.3)}@media (prefers-color-scheme:dark){body{color:#fff;background:#000}.next-error-h1{border-right:1px solid rgba(255,255,255,.3)}}&lt;/style&gt;&lt;h1 class="next-error-h1" style="display:inline-block;margin:0 20px 0 0;padding:0 23px 0 0;font-size:24px;font-weight:500;vertical-align:top;line-height:49px"&gt;404&lt;/h1&gt;&lt;div style="display:inline-block"&gt;&lt;h2 style="font-size:14px;font-weight:400;line-height:49px;margin:0"&gt;This page could not be found.&lt;/h2&gt;&lt;/div&gt;&lt;/div&gt;&lt;/div&gt;&lt;/div&gt;&lt;section aria-label="Notifications alt+T" tabindex="-1" aria-live="polite" aria-relevant="additions text" aria-atomic="false"&gt;&lt;/section&gt;&lt;script src="/_next/static/chunks/webpack-6892a2dc2ffc8f6d.js" async=""&gt;&lt;/script&gt;&lt;script&gt;(self.__next_f=self.__next_f||[]).push([0]);self.__next_f.push([2,null])&lt;/script&gt;&lt;script&gt;self.__next_f.push([1,"1:HL[\"/_next/static/media/21350d82a1f187e9-s.p.woff2\",\"font\",{\"crossOrigin\":\"\",\"type\":\"font/woff2\"}]\n2:HL[\"/_next/static/media/e4af272ccee01ff0-s.p.woff2\",\"font\",{\"crossOrigin\":\"\",\"type\":\"font/woff2\"}]\n3:HL[\"/_next/static/css/356b162e06f5f7fe.css\",\"style\"]\n4:HL[\"/_next/static/css/7087c9d90474d9b6.css\",\"style\"]\n"])&lt;/script&gt;&lt;script&gt;self.__next_f.push([1,"5:I[95751,[],\"\"]\n7:I[39275,[],\"\"]\n8:I[61343,[],\"\"]\n9:I[18073,[\"7877\",\"static/chunks/7877-cbefd0b46b02e9c4.js\",\"7776\",\"static/chunks/7776-5971d9e696e6574c.js\",\"7138\",\"static/chunks/7138-d3b5c9d7e13d47b0.js\",\"2889\",\"static/chunks/2889-6b9f6864fdf07e8e.js\",\"7515\",\"static/chunks/7515-5284339c20e02f2b.js\",\"5756\",\"static/chunks/5756-5c6eee7035d1367d.js\",\"5510\",\"static/chunks/5510-32b4cc654e2434f2.js\",\"3292\",\"static/chunks/3292-c6e3b7fe95c24693.js\",\"8073\",\"static/chunks/8073-21c5aad119610172.js\",\"3185\",\"static/chunks/app/layout-365f3e6461494bb7.js\"],\"AuthProvider\"]\na:I[24328,[\"7877\",\"static/chunks/7877-cbefd0b46b02e9c4.js\",\"7776\",\"static/chunks/7776-5971d9e696e6574c.js\",\"7138\",\"static/chunks/7138-d3b5c9d7e13d47b0.js\",\"2889\",\"static/chunks/2889-6b9f6864fdf07e8e.js\",\"7515\",\"static/chunks/7515-5284339c20e02f2b.js\",\"5756\",\"static/chunks/5756-5c6eee7035d1367d.js\",\"5510\",\"static/chunks/5510-32b4cc654e2434f2.js\",\"3292\",\"static/chunks/3292-c6e3b7fe95c24693.js\",\"8073\",\"static/chunks/8073-21c5aad119610172.js\",\"3185\",\"static/chunks/app/layout-365f3e6461494bb7.js\"],\"UniversalHeader\"]\nb:I[63203,[\"7877\",\"static/chunks/7877-cbefd0b46b02e9c4.js\",\"7776\",\"static/chunks/7776-5971d9e696e6574c.js\",\"7138\",\"static/chunks/7138-d3b5c9d7e13d47b0.js\",\"2889\",\"static/chunks/2889-6b9f6864fdf07e8e.js\",\"7515\",\"static/chunks/7515-5284339c20e02f2b.js\",\"5756\",\"static/chunks/5756-5c6eee7035d1367d.js\",\"5510\",\"static/chunks/5510-32b4cc654e2434f2.js\",\"3292\",\"static/chunks/3292-c6e3b7fe95c24693.js\",\"8073\",\"static/chunks/8073-21c5aad119610172.js\",\"3185\",\"static/chunks/app/layout-365f3e6461494bb7.js\"],\"MainContent\"]\n10:I[22354,[\"7877\",\"static/chunks/7877-cbefd0b46b02e9c4.js\",\"7776\",\"static/chunks/7776-5971d9e696e6574c.js\",\"7138\",\"static/chunks/7138-d3b5c9d7e13d47b0.js\",\"2889\",\"static/chunks/2889-6b9f6864fdf07e8e.js\",\"7515\",\"static/chunks/7515-5284339c20e02f2b.js\",\"5756\",\"static/chunks/5756-5c6eee7035d1367d.js\",\"5510\",\"static/chunks/5510-32b4cc654e2434f2.js\",\"3292\",\"static/chunks/3292-c6e3b7fe95c24693.js\",\"8073\",\"static/chunks/8073-21c5aad119610172.js\",\"3185\",\"s"])&lt;/script&gt;&lt;script&gt;self.__next_f.push([1,"tatic/chunks/app/layout-365f3e6461494bb7.js\"],\"MobileBottomNav\"]\n11:I[24186,[\"7877\",\"static/chunks/7877-cbefd0b46b02e9c4.js\",\"7776\",\"static/chunks/7776-5971d9e696e6574c.js\",\"7138\",\"static/chunks/7138-d3b5c9d7e13d47b0.js\",\"2889\",\"static/chunks/2889-6b9f6864fdf07e8e.js\",\"7515\",\"static/chunks/7515-5284339c20e02f2b.js\",\"5756\",\"static/chunks/5756-5c6eee7035d1367d.js\",\"5510\",\"static/chunks/5510-32b4cc654e2434f2.js\",\"3292\",\"static/chunks/3292-c6e3b7fe95c24693.js\",\"8073\",\"static/chunks/8073-21c5aad119610172.js\",\"3185\",\"static/chunks/app/layout-365f3e6461494bb7.js\"],\"Toaster\"]\n13:I[76130,[],\"\"]\nc:{\"fontFamily\":\"system-ui,\\\"Segoe UI\\\",Roboto,Helvetica,Arial,sans-serif,\\\"Apple Color Emoji\\\",\\\"Segoe UI Emoji\\\"\",\"height\":\"100vh\",\"textAlign\":\"center\",\"display\":\"flex\",\"flexDirection\":\"column\",\"alignItems\":\"center\",\"justifyContent\":\"center\"}\nd:{\"display\":\"inline-block\",\"margin\":\"0 20px 0 0\",\"padding\":\"0 23px 0 0\",\"fontSize\":24,\"fontWeight\":500,\"verticalAlign\":\"top\",\"lineHeight\":\"49px\"}\ne:{\"display\":\"inline-block\"}\nf:{\"fontSize\":14,\"fontWeight\":400,\"lineHeight\":\"49px\",\"margin\":0}\n14:[]\n"])&lt;/script&gt;&lt;script&gt;self.__next_f.push([1,"0:[[[\"$\",\"link\",\"0\",{\"rel\":\"stylesheet\",\"href\":\"/_next/static/css/356b162e06f5f7fe.css\",\"precedence\":\"next\",\"crossOrigin\":\"$undefined\"}],[\"$\",\"link\",\"1\",{\"rel\":\"stylesheet\",\"href\":\"/_next/static/css/7087c9d90474d9b6.css\",\"precedence\":\"next\",\"crossOrigin\":\"$undefined\"}]],[\"$\",\"$L5\",null,{\"buildId\":\"plQE-GKOtrVbKc35qjC1O\",\"assetPrefix\":\"\",\"initialCanonicalUrl\":\"/api/auth/login\",\"initialTree\":[\"\",{\"children\":[\"/_not-found\",{\"children\":[\"__PAGE__\",{}]}]},\"$undefined\",\"$undefined\",true],\"initialSeedData\":[\"\",{\"children\":[\"/_not-found\",{\"children\":[\"__PAGE__\",{},[[\"$L6\",[[\"$\",\"title\",null,{\"children\":\"404: This page could not be found.\"}],[\"$\",\"div\",null,{\"style\":{\"fontFamily\":\"system-ui,\\\"Segoe UI\\\",Roboto,Helvetica,Arial,sans-serif,\\\"Apple Color Emoji\\\",\\\"Segoe UI Emoji\\\"\",\"height\":\"100vh\",\"textAlign\":\"center\",\"display\":\"flex\",\"flexDirection\":\"column\",\"alignItems\":\"center\",\"justifyContent\":\"center\"},\"children\":[\"$\",\"div\",null,{\"children\":[[\"$\",\"style\",null,{\"dangerouslySetInnerHTML\":{\"__html\":\"body{color:#000;background:#fff;margin:0}.next-error-h1{border-right:1px solid rgba(0,0,0,.3)}@media (prefers-color-scheme:dark){body{color:#fff;background:#000}.next-error-h1{border-right:1px solid rgba(255,255,255,.3)}}\"}}],[\"$\",\"h1\",null,{\"className\":\"next-error-h1\",\"style\":{\"display\":\"inline-block\",\"margin\":\"0 20px 0 0\",\"padding\":\"0 23px 0 0\",\"fontSize\":24,\"fontWeight\":500,\"verticalAlign\":\"top\",\"lineHeight\":\"49px\"},\"children\":\"404\"}],[\"$\",\"div\",null,{\"style\":{\"display\":\"inline-block\"},\"children\":[\"$\",\"h2\",null,{\"style\":{\"fontSize\":14,\"fontWeight\":400,\"lineHeight\":\"49px\",\"margin\":0},\"children\":\"This page could not be found.\"}]}]]}]}]]],null],null]},[\"$\",\"$L7\",null,{\"parallelRouterKey\":\"children\",\"segmentPath\":[\"children\",\"/_not-found\",\"children\"],\"error\":\"$undefined\",\"errorStyles\":\"$undefined\",\"errorScripts\":\"$undefined\",\"template\":[\"$\",\"$L8\",null,{}],\"templateStyles\":\"$undefined\",\"templateScripts\":\"$undefined\",\"notFound\":\"$undefined\",\"notFoundStyles\":\"$undefined\",\"styles\":null}],null]},[[\"$\",\"html\",null,{\"lang\":\"en\",\"children\":[[\"$\",\"head\",null,{\"children\":[[\"$\",\"link\",null,{\"rel\":\"apple-touch-icon\",\"href\":\"/icons/icon-192x192.png\"}],[\"$\",\"link\",null,{\"rel\":\"icon\",\"href\":\"/favicon.ico\"}],[\"$\",\"meta\",null,{\"name\":\"apple-mobile-web-app-capable\",\"content\":\"yes\"}],[\"$\",\"meta\",null,{\"name\":\"apple-mobile-web-app-status-bar-style\",\"content\":\"default\"}],[\"$\",\"meta\",null,{\"name\":\"apple-mobile-web-app-title\",\"content\":\"Gostaylo\"}],[\"$\",\"meta\",null,{\"name\":\"theme-color\",\"content\":\"#0d9488\"}]]}],[\"$\",\"body\",null,{\"className\":\"__className_fcbcbf\",\"children\":[\"$\",\"$L9\",null,{\"children\":[[\"$\",\"$La\",null,{}],[\"$\",\"$Lb\",null,{\"children\":[\"$\",\"$L7\",null,{\"parallelRouterKey\":\"children\",\"segmentPath\":[\"children\"],\"error\":\"$undefined\",\"errorStyles\":\"$undefined\",\"errorScripts\":\"$undefined\",\"template\":[\"$\",\"$L8\",null,{}],\"templateStyles\":\"$undefined\",\"templateScripts\":\"$undefined\",\"notFound\":[[\"$\",\"title\",null,{\"children\":\"404: This page could not be found.\"}],[\"$\",\"div\",null,{\"style\":\"$c\",\"children\":[\"$\",\"div\",null,{\"children\":[[\"$\",\"style\",null,{\"dangerouslySetInnerHTML\":{\"__html\":\"body{color:#000;background:#fff;margin:0}.next-error-h1{border-right:1px solid rgba(0,0,0,.3)}@media (prefers-color-scheme:dark){body{color:#fff;background:#000}.next-error-h1{border-right:1px solid rgba(255,255,255,.3)}}\"}}],[\"$\",\"h1\",null,{\"className\":\"next-error-h1\",\"style\":\"$d\",\"children\":\"404\"}],[\"$\",\"div\",null,{\"style\":\"$e\",\"children\":[\"$\",\"h2\",null,{\"style\":\"$f\",\"children\":\"This page could not be found.\"}]}]]}]}]],\"notFoundStyles\":[],\"styles\":null}]}],[\"$\",\"$L10\",null,{}],[\"$\",\"$L11\",null,{}]]}]}]]}],null],null],\"couldBeIntercepted\":false,\"initialHead\":[[\"$\",\"meta\",null,{\"name\":\"robots\",\"content\":\"noindex\"}],\"$L12\"],\"globalErrorComponent\":\"$13\",\"missingSlots\":\"$W14\"}]]\n"])&lt;/script&gt;&lt;script&gt;self.__next_f.push([1,"12:[[\"$\",\"meta\",\"0\",{\"name\":\"viewport\",\"content\":\"width=device-width, initial-scale=1, maximum-scale=1, user-scalable=no\"}],[\"$\",\"meta\",\"1\",{\"name\":\"theme-color\",\"content\":\"#0d9488\"}],[\"$\",\"meta\",\"2\",{\"charSet\":\"utf-8\"}],[\"$\",\"title\",\"3\",{\"children\":\"Gostaylo - Premium Global Rentals\"}],[\"$\",\"meta\",\"4\",{\"name\":\"description\",\"content\":\"Premium villas, yachts, transport and tours worldwide. Book your perfect stay with Gostaylo.\"}],[\"$\",\"meta\",\"5\",{\"name\":\"author\",\"content\":\"Gostaylo\"}],[\"$\",\"link\",\"6\",{\"rel\":\"manifest\",\"href\":\"/manifest.json\",\"crossOrigin\":\"use-credentials\"}],[\"$\",\"meta\",\"7\",{\"name\":\"keywords\",\"content\":\"rentals, villas, yachts, phuket, thailand, luxury, vacation, holiday\"}],[\"$\",\"meta\",\"8\",{\"name\":\"apple-mobile-web-app-capable\",\"content\":\"yes\"}],[\"$\",\"meta\",\"9\",{\"name\":\"apple-mobile-web-app-title\",\"content\":\"Gostaylo\"}],[\"$\",\"meta\",\"10\",{\"name\":\"apple-mobile-web-app-status-bar-style\",\"content\":\"default\"}],[\"$\",\"meta\",\"11\",{\"property\":\"og:title\",\"content\":\"Gostaylo - Premium Global Rentals\"}],[\"$\",\"meta\",\"12\",{\"property\":\"og:description\",\"content\":\"Premium villas, yachts, transport and tours worldwide. Book your perfect stay.\"}],[\"$\",\"meta\",\"13\",{\"property\":\"og:url\",\"content\":\"https://www.gostaylo.com\"}],[\"$\",\"meta\",\"14\",{\"property\":\"og:site_name\",\"content\":\"Gostaylo\"}],[\"$\",\"meta\",\"15\",{\"property\":\"og:locale\",\"content\":\"en_US\"}],[\"$\",\"meta\",\"16\",{\"property\":\"og:image\",\"content\":\"https://www.gostaylo.com/og-image.png\"}],[\"$\",\"meta\",\"17\",{\"property\":\"og:image:width\",\"content\":\"1200\"}],[\"$\",\"meta\",\"18\",{\"property\":\"og:image:height\",\"content\":\"630\"}],[\"$\",\"meta\",\"19\",{\"property\":\"og:image:alt\",\"content\":\"Gostaylo - Premium Global Rentals\"}],[\"$\",\"meta\",\"20\",{\"property\":\"og:type\",\"content\":\"website\"}],[\"$\",\"meta\",\"21\",{\"name\":\"twitter:card\",\"content\":\"summary_large_image\"}],[\"$\",\"meta\",\"22\",{\"name\":\"twitter:title\",\"content\":\"Gostaylo - Premium Global Rentals\"}],[\"$\",\"meta\",\"23\",{\"name\":\"twitter:description\",\"content\":\"Premium villas, yachts, transport and tours worldwide.\"}],[\"$\",\"meta\",\"24\",{\"name\":\"twitter:image\",\"content\":\"https://www.gostaylo.com/og-image.png\"}],[\"$\",\"meta\",\"25\",{\"name\":\"next-size-adjust\"}]]\n"])&lt;/script&gt;&lt;script&gt;self.__next_f.push([1,"6:null\n"])&lt;/script&gt;&lt;/body&gt;&lt;/html&gt;
E   assert 404 == 200
E    +  where 404 = &lt;Response [404]&gt;.status_code</failure></testcase><testcase classname="test_reports.pytest.test_comprehensive_e2e_v25.TestAuthentication" name="test_login_invalid_credentials" time="0.017" /></testsuite></testsuites>