<?xml version="1.0" encoding="utf-8"?><testsuites name="pytest tests"><testsuite name="pytest" errors="0" failures="0" skipped="0" tests="10" time="8.296" timestamp="2026-03-14T16:01:43.434083+00:00" hostname="agent-env-643a83fa-93f2-44d4-8c6c-1ff37bf85720"><testcase classname="test_reports.pytest.test_favorites_api_v22.TestFavoritesGetAPI" name="test_get_favorites_success" time="0.575" /><testcase classname="test_reports.pytest.test_favorites_api_v22.TestFavoritesGetAPI" name="test_get_favorites_has_listing_details" time="0.521" /><testcase classname="test_reports.pytest.test_favorites_api_v22.TestFavoritesGetAPI" name="test_get_favorites_missing_userid" time="0.003" /><testcase classname="test_reports.pytest.test_favorites_api_v22.TestFavoritesToggleAPI" name="test_toggle_add_favorite" time="2.024" /><testcase classname="test_reports.pytest.test_favorites_api_v22.TestFavoritesToggleAPI" name="test_toggle_remove_favorite" time="1.021" /><testcase classname="test_reports.pytest.test_favorites_api_v22.TestFavoritesToggleAPI" name="test_toggle_missing_fields" time="0.003" /><testcase classname="test_reports.pytest.test_favorites_api_v22.TestFavoritesDeleteAPI" name="test_delete_favorite_success" time="1.288" /><testcase classname="test_reports.pytest.test_favorites_api_v22.TestFavoritesDeleteAPI" name="test_delete_missing_params" time="0.003" /><testcase classname="test_reports.pytest.test_favorites_api_v22.TestFavoritesDataPersistence" name="test_add_verify_get" time="1.276" /><testcase classname="test_reports.pytest.test_favorites_api_v22.TestFavoritesDataPersistence" name="test_remove_verify_get" time="1.518" /></testsuite></testsuites>