<?xml version="1.0" encoding="utf-8"?><testsuites name="pytest tests"><testsuite name="pytest" errors="0" failures="0" skipped="0" tests="12" time="25.805" timestamp="2026-03-16T10:27:31.328043+00:00" hostname="agent-env-643a83fa-93f2-44d4-8c6c-1ff37bf85720"><testcase classname="backend.tests.test_gostaylo_v24.TestAdminRevalidation" name="test_revalidate_api_exists" time="0.012" /><testcase classname="backend.tests.test_gostaylo_v24.TestAdminRevalidation" name="test_revalidate_clears_all_category_paths" time="0.007" /><testcase classname="backend.tests.test_gostaylo_v24.TestAdminRevalidation" name="test_specific_path_revalidation" time="0.009" /><testcase classname="backend.tests.test_gostaylo_v24.TestPricingLogic" name="test_get_partner_commission_rate" time="0.649" /><testcase classname="backend.tests.test_gostaylo_v24.TestPricingLogic" name="test_get_global_platform_commission" time="0.330" /><testcase classname="backend.tests.test_gostaylo_v24.TestBookingCreationAndSync" name="test_create_booking_returns_pending_status" time="5.040" /><testcase classname="backend.tests.test_gostaylo_v24.TestBookingCreationAndSync" name="test_booking_appears_in_renter_dashboard" time="5.578" /><testcase classname="backend.tests.test_gostaylo_v24.TestCalendarAvailabilitySync" name="test_calendar_api_returns_availability" time="1.312" /><testcase classname="backend.tests.test_gostaylo_v24.TestCalendarAvailabilitySync" name="test_booked_dates_marked_blocked" time="6.196" /><testcase classname="backend.tests.test_gostaylo_v24.TestDoubleBookingPrevention" name="test_double_booking_returns_409" time="5.870" /><testcase classname="backend.tests.test_gostaylo_v24.TestBookingsAPIForceDynamic" name="test_bookings_no_cache" time="0.500" /><testcase classname="backend.tests.test_gostaylo_v24.TestListingCommissionData" name="test_listing_has_commission_rate" time="0.252" /></testsuite></testsuites>