<?xml version="1.0" encoding="utf-8"?><testsuites name="pytest tests"><testsuite name="pytest" errors="0" failures="0" skipped="0" tests="12" time="12.134" timestamp="2026-03-09T13:23:28.655546+00:00" hostname="agent-env-c325362c-1be1-450d-a1ad-cc1fb45ba828"><testcase classname="test_reports.pytest.test_ical_admin.TestICalAdminAPI" name="test_get_ical_logs_success" time="1.314" /><testcase classname="test_reports.pytest.test_ical_admin.TestICalAdminAPI" name="test_get_ical_logs_with_listing_title" time="1.178" /><testcase classname="test_reports.pytest.test_ical_admin.TestICalAdminAPI" name="test_get_ical_logs_errors_only_filter" time="1.203" /><testcase classname="test_reports.pytest.test_ical_admin.TestICalAdminAPI" name="test_get_ical_logs_with_limit" time="1.176" /><testcase classname="test_reports.pytest.test_ical_admin.TestICalAdminAPI" name="test_post_get_sync_enabled" time="0.911" /><testcase classname="test_reports.pytest.test_ical_admin.TestICalAdminAPI" name="test_post_sync_all" time="1.172" /><testcase classname="test_reports.pytest.test_ical_admin.TestICalAdminAPI" name="test_post_invalid_action" time="0.639" /><testcase classname="test_reports.pytest.test_ical_admin.TestICalAdminAPI" name="test_post_sync_with_invalid_listing" time="0.901" /><testcase classname="test_reports.pytest.test_ical_admin.TestICalAdminAPI" name="test_get_ical_logs_requires_admin" time="0.625" /><testcase classname="test_reports.pytest.test_ical_admin.TestICalAdminAPI" name="test_post_ical_requires_admin" time="0.630" /><testcase classname="test_reports.pytest.test_ical_admin.TestICalStatsAccuracy" name="test_stats_total_matches_log_count" time="1.155" /><testcase classname="test_reports.pytest.test_ical_admin.TestICalStatsAccuracy" name="test_stats_reflect_actual_data" time="1.157" /></testsuite></testsuites>