<?xml version="1.0" encoding="utf-8"?><testsuites name="pytest tests"><testsuite name="pytest" errors="0" failures="0" skipped="0" tests="16" time="3.299" timestamp="2026-03-14T11:08:53.395606+00:00" hostname="agent-env-643a83fa-93f2-44d4-8c6c-1ff37bf85720"><testcase classname="test_reports.pytest.test_partner_profile_phase2.TestPartnerApplicationAPI" name="test_application_validation_missing_fields" time="0.004" /><testcase classname="test_reports.pytest.test_partner_profile_phase2.TestPartnerApplicationAPI" name="test_application_validation_missing_userid" time="0.003" /><testcase classname="test_reports.pytest.test_partner_profile_phase2.TestPartnerApplicationAPI" name="test_application_invalid_user" time="0.334" /><testcase classname="test_reports.pytest.test_partner_profile_phase2.TestPartnerApplicationAPI" name="test_partner_cannot_apply" time="0.263" /><testcase classname="test_reports.pytest.test_partner_profile_phase2.TestPartnerApplicationAPI" name="test_submit_application_creates_pending" time="0.807" /><testcase classname="test_reports.pytest.test_partner_profile_phase2.TestApplicationStatusAPI" name="test_status_requires_auth" time="0.003" /><testcase classname="test_reports.pytest.test_partner_profile_phase2.TestApplicationStatusAPI" name="test_status_endpoint_exists" time="0.002" /><testcase classname="test_reports.pytest.test_partner_profile_phase2.TestTelegramLinkAPI" name="test_generate_link_code_missing_userid" time="0.003" /><testcase classname="test_reports.pytest.test_partner_profile_phase2.TestTelegramLinkAPI" name="test_generate_link_code_success" time="0.002" /><testcase classname="test_reports.pytest.test_partner_profile_phase2.TestTelegramLinkAPI" name="test_confirm_link_missing_fields" time="0.003" /><testcase classname="test_reports.pytest.test_partner_profile_phase2.TestTelegramLinkAPI" name="test_confirm_link_invalid_code" time="0.002" /><testcase classname="test_reports.pytest.test_partner_profile_phase2.TestAuthEndpoint" name="test_renter_login" time="0.589" /><testcase classname="test_reports.pytest.test_partner_profile_phase2.TestAuthEndpoint" name="test_partner_login" time="0.599" /><testcase classname="test_reports.pytest.test_partner_profile_phase2.TestNoAutoRoleChange" name="test_role_unchanged_after_application" time="0.597" /><testcase classname="test_reports.pytest.test_partner_profile_phase2.TestHealthCheck" name="test_frontend_loads" time="0.020" /><testcase classname="test_reports.pytest.test_partner_profile_phase2.TestHealthCheck" name="test_profile_page_exists" time="0.005" /></testsuite></testsuites>