<?xml version="1.0" encoding="utf-8"?><testsuites name="pytest tests"><testsuite name="pytest" errors="0" failures="0" skipped="0" tests="8" time="14.122" timestamp="2026-03-14T02:04:25.390868+00:00" hostname="agent-env-643a83fa-93f2-44d4-8c6c-1ff37bf85720"><testcase classname="test_reports.pytest.test_phase42_final_polish.TestPhase42ConflictResolution" name="test_stress_conflict_march_1_10" time="5.677" /><testcase classname="test_reports.pytest.test_phase42_final_polish.TestPhase42ConflictResolution" name="test_stress_conflict_march_5_15_overlap" time="5.980" /><testcase classname="test_reports.pytest.test_phase42_final_polish.TestDashboardStatsAPI" name="test_stats_api_returns_data" time="0.018" /><testcase classname="test_reports.pytest.test_phase42_final_polish.TestDashboardStatsAPI" name="test_stats_api_includes_potential_revenue" time="0.005" /><testcase classname="test_reports.pytest.test_phase42_final_polish.TestCalendarAPI" name="test_calendar_returns_seasonal_prices" time="0.826" /><testcase classname="test_reports.pytest.test_phase42_final_polish.TestNoDevModeRemnants" name="test_no_401_on_calendar_with_valid_partner" time="0.769" /><testcase classname="test_reports.pytest.test_phase42_final_polish.TestNoDevModeRemnants" name="test_no_401_on_stats_with_valid_partner" time="0.006" /><testcase classname="test_reports.pytest.test_phase42_final_polish.TestNoDevModeRemnants" name="test_seasonal_prices_api_no_401" time="0.780" /></testsuite></testsuites>