<?xml version="1.0" encoding="utf-8"?><testsuites name="pytest tests"><testsuite name="pytest" errors="0" failures="0" skipped="0" tests="13" time="29.342" timestamp="2026-03-09T09:15:05.182822+00:00" hostname="agent-env-c325362c-1be1-450d-a1ad-cc1fb45ba828"><testcase classname="test_reports.pytest.test_partner_application.TestPartnerApplyEndpoint" name="test_partner_apply_unauthorized" time="0.013" /><testcase classname="test_reports.pytest.test_partner_application.TestPartnerApplyEndpoint" name="test_partner_apply_missing_phone" time="2.074" /><testcase classname="test_reports.pytest.test_partner_application.TestPartnerApplyEndpoint" name="test_partner_apply_success" time="3.509" /><testcase classname="test_reports.pytest.test_partner_application.TestApplicationStatusEndpoint" name="test_status_unauthorized" time="0.009" /><testcase classname="test_reports.pytest.test_partner_application.TestApplicationStatusEndpoint" name="test_status_no_application" time="2.244" /><testcase classname="test_reports.pytest.test_partner_application.TestApplicationStatusEndpoint" name="test_status_with_pending_application" time="3.669" /><testcase classname="test_reports.pytest.test_partner_application.TestAdminPartnersEndpoint" name="test_admin_list_unauthorized_no_auth" time="0.009" /><testcase classname="test_reports.pytest.test_partner_application.TestAdminPartnersEndpoint" name="test_admin_list_unauthorized_non_admin" time="1.935" /><testcase classname="test_reports.pytest.test_partner_application.TestAdminPartnersEndpoint" name="test_admin_list_success" time="0.906" /><testcase classname="test_reports.pytest.test_partner_application.TestAdminPartnersEndpoint" name="test_admin_approve_missing_userid" time="0.623" /><testcase classname="test_reports.pytest.test_partner_application.TestAdminPartnersEndpoint" name="test_admin_invalid_userid" time="0.881" /><testcase classname="test_reports.pytest.test_partner_application.TestFullPartnerWorkflow" name="test_full_approve_workflow" time="7.154" /><testcase classname="test_reports.pytest.test_partner_application.TestFullPartnerWorkflow" name="test_full_reject_workflow" time="6.251" /></testsuite></testsuites>