<?xml version="1.0" encoding="utf-8"?><testsuites name="pytest tests"><testsuite name="pytest" errors="0" failures="0" skipped="0" tests="9" time="2.812" timestamp="2026-03-14T09:37:25.264915+00:00" hostname="agent-env-643a83fa-93f2-44d4-8c6c-1ff37bf85720"><testcase classname="test_reports.pytest.test_renter_portal_v20.TestHealthAndBasicAPI" name="test_health_endpoint" time="0.004" /><testcase classname="test_reports.pytest.test_renter_portal_v20.TestHealthAndBasicAPI" name="test_v2_bookings_endpoint_exists" time="0.305" /><testcase classname="test_reports.pytest.test_renter_portal_v20.TestRenterBookingsAPI" name="test_renter_bookings_pavel_user" time="0.256" /><testcase classname="test_reports.pytest.test_renter_portal_v20.TestRenterBookingsAPI" name="test_renter_bookings_partner_as_renter" time="0.256" /><testcase classname="test_reports.pytest.test_renter_portal_v20.TestRenterBookingsAPI" name="test_bookings_api_without_renter_id_fails_gracefully" time="0.260" /><testcase classname="test_reports.pytest.test_renter_portal_v20.TestAuthenticationEndpoint" name="test_login_with_renter_credentials" time="0.582" /><testcase classname="test_reports.pytest.test_renter_portal_v20.TestAuthenticationEndpoint" name="test_login_with_partner_credentials" time="0.581" /><testcase classname="test_reports.pytest.test_renter_portal_v20.TestNoHardcodedRenterIds" name="test_bookings_response_no_renter1" time="0.265" /><testcase classname="test_reports.pytest.test_renter_portal_v20.TestDashboardRenterAPI" name="test_dashboard_bookings_count" time="0.255" /></testsuite></testsuites>