<?xml version="1.0" encoding="utf-8"?><testsuites name="pytest tests"><testsuite name="pytest" errors="0" failures="2" skipped="0" tests="7" time="14.056" timestamp="2026-03-14T01:29:24.471251+00:00" hostname="agent-env-643a83fa-93f2-44d4-8c6c-1ff37bf85720"><testcase classname="test_reports.pytest.test_seasonal_pricing_conflicts.TestSeasonalPricingConflicts" name="test_basic_conflict_resolution_partial_overlap_left" time="5.727" /><testcase classname="test_reports.pytest.test_seasonal_pricing_conflicts.TestSeasonalPricingConflicts" name="test_full_overlap_delete_existing" time="4.225" /><testcase classname="test_reports.pytest.test_seasonal_pricing_conflicts.TestSeasonalPricingConflicts" name="test_conflict_partial_overlap_right" time="1.712"><failure message="assert 500 == 200&#10; +  where 500 = &lt;Response [500]&gt;.status_code">test_reports/pytest/test_seasonal_pricing_conflicts.py:206: in test_conflict_partial_overlap_right
    assert response1.status_code == 200
E   assert 500 == 200
E    +  where 500 = &lt;Response [500]&gt;.status_code</failure></testcase><testcase classname="test_reports.pytest.test_seasonal_pricing_conflicts.TestSeasonalPricingConflicts" name="test_min_stay_values" time="1.699"><failure message="AssertionError: Failed to create price with min_stay=1&#10;assert 500 == 200&#10; +  where 500 = &lt;Response [500]&gt;.status_code">test_reports/pytest/test_seasonal_pricing_conflicts.py:258: in test_min_stay_values
    assert response.status_code == 200, f"Failed to create price with min_stay={tc['min_stay']}"
E   AssertionError: Failed to create price with min_stay=1
E   assert 500 == 200
E    +  where 500 = &lt;Response [500]&gt;.status_code</failure></testcase><testcase classname="test_reports.pytest.test_seasonal_pricing_conflicts.TestCalendarAPISeasonalPrices" name="test_calendar_api_returns_seasonal_data" time="0.562" /><testcase classname="test_reports.pytest.test_seasonal_pricing_conflicts.TestAPIAuthentication" name="test_seasonal_prices_requires_partner_id" time="0.003" /><testcase classname="test_reports.pytest.test_seasonal_pricing_conflicts.TestAPIAuthentication" name="test_seasonal_prices_get_requires_partner_id" time="0.003" /></testsuite></testsuites>