<?xml version="1.0" encoding="utf-8"?><testsuites name="pytest tests"><testsuite name="pytest" errors="0" failures="0" skipped="0" tests="11" time="2.649" timestamp="2026-03-11T23:21:30.600941+00:00" hostname="agent-env-c325362c-1be1-450d-a1ad-cc1fb45ba828"><testcase classname="test_reports.pytest.test_availability_fix_v12.TestAvailabilityAPIFix" name="test_api_returns_blocked_dates_list" time="0.039" /><testcase classname="test_reports.pytest.test_availability_fix_v12.TestAvailabilityAPIFix" name="test_march_20_22_are_blocked" time="0.021" /><testcase classname="test_reports.pytest.test_availability_fix_v12.TestAvailabilityAPIFix" name="test_availability_check_blocks_conflicting_dates" time="0.017" /><testcase classname="test_reports.pytest.test_availability_fix_v12.TestAvailabilityAPIFix" name="test_availability_check_allows_non_conflicting_dates" time="0.025" /><testcase classname="test_reports.pytest.test_availability_fix_v12.TestAvailabilityAPIFix" name="test_partial_overlap_blocks_booking" time="0.709" /><testcase classname="test_reports.pytest.test_availability_fix_v12.TestAvailabilityAPIFix" name="test_exact_blocked_range_is_blocked" time="0.632" /><testcase classname="test_reports.pytest.test_availability_fix_v12.TestAvailabilityAPIFix" name="test_booking_details_shows_source" time="0.033" /><testcase classname="test_reports.pytest.test_availability_fix_v12.TestAvailabilityEdgeCases" name="test_invalid_listing_id_returns_404" time="0.367" /><testcase classname="test_reports.pytest.test_availability_fix_v12.TestAvailabilityEdgeCases" name="test_invalid_date_format_returns_400" time="0.031" /><testcase classname="test_reports.pytest.test_availability_fix_v12.TestAvailabilityEdgeCases" name="test_end_before_start_returns_400" time="0.014" /><testcase classname="test_reports.pytest.test_availability_fix_v12.TestICalAndReviewsEnumFix" name="test_reviews_api_works" time="0.649" /></testsuite></testsuites>