<?xml version="1.0" encoding="utf-8"?><testsuites name="pytest tests"><testsuite name="pytest" errors="0" failures="0" skipped="0" tests="16" time="1.075" timestamp="2026-03-12T01:14:39.390320+00:00" hostname="agent-env-c325362c-1be1-450d-a1ad-cc1fb45ba828"><testcase classname="test_reports.pytest.test_availability_api_v13.TestAvailabilityAPIBasics" name="test_availability_endpoint_returns_success" time="0.038" /><testcase classname="test_reports.pytest.test_availability_api_v13.TestAvailabilityAPIBasics" name="test_availability_returns_blocked_dates_array" time="0.021" /><testcase classname="test_reports.pytest.test_availability_api_v13.TestAvailabilityAPIBasics" name="test_availability_returns_24_blocked_dates" time="0.026" /><testcase classname="test_reports.pytest.test_availability_api_v13.TestAvailabilityAPIBasics" name="test_blocked_dates_are_sorted_iso_format" time="0.034" /><testcase classname="test_reports.pytest.test_availability_api_v13.TestAvailabilityAPIMetadata" name="test_api_returns_meta_info" time="0.019" /><testcase classname="test_reports.pytest.test_availability_api_v13.TestAvailabilityAPIMetadata" name="test_meta_sources_contains_calendar_blocks_and_bookings" time="0.016" /><testcase classname="test_reports.pytest.test_availability_api_v13.TestAvailabilityAPIMetadata" name="test_total_blocked_matches_array_length" time="0.023" /><testcase classname="test_reports.pytest.test_availability_api_v13.TestAvailabilityAPIMetadata" name="test_listing_active_status" time="0.015" /><testcase classname="test_reports.pytest.test_availability_api_v13.TestAvailabilityRangeCheck" name="test_range_check_for_blocked_dates" time="0.035" /><testcase classname="test_reports.pytest.test_availability_api_v13.TestAvailabilityRangeCheck" name="test_range_check_includes_conflict_dates" time="0.015" /><testcase classname="test_reports.pytest.test_availability_api_v13.TestAvailabilityRangeCheck" name="test_range_check_for_available_dates" time="0.018" /><testcase classname="test_reports.pytest.test_availability_api_v13.TestAvailabilityRangeCheck" name="test_invalid_date_format_returns_400" time="0.014" /><testcase classname="test_reports.pytest.test_availability_api_v13.TestSpecificBlockedDates" name="test_april_1_5_blocked" time="0.025" /><testcase classname="test_reports.pytest.test_availability_api_v13.TestSpecificBlockedDates" name="test_april_15_16_blocked" time="0.025" /><testcase classname="test_reports.pytest.test_availability_api_v13.TestSpecificBlockedDates" name="test_april_20_25_blocked" time="0.014" /><testcase classname="test_reports.pytest.test_availability_api_v13.TestErrorHandling" name="test_nonexistent_listing_returns_404" time="0.528" /></testsuite></testsuites>