<?xml version="1.0" encoding="utf-8"?><testsuites name="pytest tests"><testsuite name="pytest" errors="0" failures="0" skipped="0" tests="7" time="4.635" timestamp="2026-03-11T14:01:28.322339+00:00" hostname="agent-env-c325362c-1be1-450d-a1ad-cc1fb45ba828"><testcase classname="test_reports.pytest.test_blocked_dates_v9.TestAvailabilityAPI" name="test_availability_returns_blocked_dates_without_params" time="0.031" /><testcase classname="test_reports.pytest.test_blocked_dates_v9.TestAvailabilityAPI" name="test_availability_includes_pending_booking_dates" time="0.017" /><testcase classname="test_reports.pytest.test_blocked_dates_v9.TestAvailabilityAPI" name="test_availability_returns_28_blocked_dates" time="0.017" /><testcase classname="test_reports.pytest.test_blocked_dates_v9.TestAvailabilityAPI" name="test_availability_check_specific_blocked_range" time="0.015" /><testcase classname="test_reports.pytest.test_blocked_dates_v9.TestAvailabilityAPI" name="test_availability_check_available_dates" time="0.016" /><testcase classname="test_reports.pytest.test_blocked_dates_v9.TestAvailabilityAPI" name="test_april_20_25_also_blocked" time="0.014" /><testcase classname="test_reports.pytest.test_blocked_dates_v9.TestBookingCreation" name="test_booking_on_available_dates_succeeds" time="4.338" /></testsuite></testsuites>