<?xml version="1.0" encoding="utf-8"?><testsuites name="pytest tests"><testsuite name="pytest" errors="0" failures="0" skipped="0" tests="7" time="2.941" timestamp="2026-03-14T02:41:01.161942+00:00" hostname="agent-env-643a83fa-93f2-44d4-8c6c-1ff37bf85720"><testcase classname="test_reports.pytest.test_golden_click.TestGoldenClickApproveFlow" name="test_get_pending_bookings" time="0.433" /><testcase classname="test_reports.pytest.test_golden_click.TestGoldenClickApproveFlow" name="test_approve_booking_api" time="0.569" /><testcase classname="test_reports.pytest.test_golden_click.TestGoldenClickApproveFlow" name="test_stats_update_after_approve" time="0.009" /><testcase classname="test_reports.pytest.test_golden_click.TestGoldenClickDeclineFlow" name="test_decline_booking_api" time="0.278" /><testcase classname="test_reports.pytest.test_golden_click.TestRevenueCalculation" name="test_partner_earnings_calculation" time="0.268" /><testcase classname="test_reports.pytest.test_golden_click.TestCalendarReactivity" name="test_calendar_shows_bookings" time="1.053" /><testcase classname="test_reports.pytest.test_golden_click.TestStatusTransitionValidation" name="test_invalid_transition_rejected" time="0.268" /></testsuite></testsuites>