<?xml version="1.0" encoding="utf-8"?><testsuites name="pytest tests"><testsuite name="pytest" errors="0" failures="0" skipped="0" tests="14" time="0.383" timestamp="2026-03-12T03:14:29.436669+00:00" hostname="agent-env-c325362c-1be1-450d-a1ad-cc1fb45ba828"><testcase classname="test_reports.pytest.test_night_based_booking_v14.TestNightBasedAPILogic" name="test_api_returns_night_based_logic_in_meta" time="0.019" /><testcase classname="test_reports.pytest.test_night_based_booking_v14.TestNightBasedAPILogic" name="test_api_returns_blocked_nights_array" time="0.013" /><testcase classname="test_reports.pytest.test_night_based_booking_v14.TestCheckOutDayAvailability" name="test_checkout_day_not_in_blocked_nights" time="0.011" /><testcase classname="test_reports.pytest.test_night_based_booking_v14.TestCheckOutDayAvailability" name="test_nights_within_booking_are_blocked" time="0.013" /><testcase classname="test_reports.pytest.test_night_based_booking_v14.TestBackToBackBooking" name="test_can_book_starting_on_checkout_day" time="0.010" /><testcase classname="test_reports.pytest.test_night_based_booking_v14.TestBackToBackBooking" name="test_cannot_book_overlapping_last_night" time="0.013" /><testcase classname="test_reports.pytest.test_night_based_booking_v14.TestBackToBackBooking" name="test_cannot_book_overlapping_first_night" time="0.010" /><testcase classname="test_reports.pytest.test_night_based_booking_v14.TestNightsCalculation" name="test_requested_nights_equals_checkout_minus_checkin" time="0.011" /><testcase classname="test_reports.pytest.test_night_based_booking_v14.TestNightsCalculation" name="test_one_night_stay" time="0.009" /><testcase classname="test_reports.pytest.test_night_based_booking_v14.TestNightsCalculation" name="test_two_night_stay" time="0.016" /><testcase classname="test_reports.pytest.test_night_based_booking_v14.TestMultipleBlockedRanges" name="test_may_checkout_day_available" time="0.010" /><testcase classname="test_reports.pytest.test_night_based_booking_v14.TestMultipleBlockedRanges" name="test_back_to_back_may_booking" time="0.029" /><testcase classname="test_reports.pytest.test_night_based_booking_v14.TestAPIResponseStructure" name="test_availability_response_has_required_fields" time="0.009" /><testcase classname="test_reports.pytest.test_night_based_booking_v14.TestAPIResponseStructure" name="test_range_check_response_has_required_fields" time="0.015" /></testsuite></testsuites>