<?xml version="1.0" encoding="utf-8"?><testsuites name="pytest tests"><testsuite name="pytest" errors="0" failures="0" skipped="0" tests="8" time="7.379" timestamp="2026-03-11T09:49:06.295749+00:00" hostname="agent-env-c325362c-1be1-450d-a1ad-cc1fb45ba828"><testcase classname="backend.tests.test_phase2_bookings.TestAvailabilityAPI" name="test_availability_returns_blocked_dates" time="0.344" /><testcase classname="backend.tests.test_phase2_bookings.TestAvailabilityAPI" name="test_availability_requires_dates" time="0.021" /><testcase classname="backend.tests.test_phase2_bookings.TestAvailabilityAPI" name="test_availability_invalid_date_format" time="0.011" /><testcase classname="backend.tests.test_phase2_bookings.TestBookingCreationAPI" name="test_create_booking_success" time="3.427" /><testcase classname="backend.tests.test_phase2_bookings.TestBookingCreationAPI" name="test_create_booking_missing_required_fields" time="0.012" /><testcase classname="backend.tests.test_phase2_bookings.TestBookingCreationAPI" name="test_create_booking_invalid_dates" time="0.525" /><testcase classname="backend.tests.test_phase2_bookings.TestBookingPriceCalculation" name="test_price_breakdown_included" time="2.713" /><testcase classname="backend.tests.test_phase2_bookings.TestGetBookingsAPI" name="test_get_bookings_by_listing" time="0.267" /></testsuite></testsuites>