<?xml version="1.0" encoding="utf-8"?><testsuites name="pytest tests"><testsuite name="pytest" errors="0" failures="0" skipped="0" tests="19" time="8.841" timestamp="2026-03-04T04:23:01.051919+00:00" hostname="agent-env-c325362c-1be1-450d-a1ad-cc1fb45ba828"><testcase classname="backend.tests.test_stage32_apis.TestForexAPI" name="test_forex_get_all_rates" time="3.452" /><testcase classname="backend.tests.test_stage32_apis.TestForexAPI" name="test_forex_conversion_thb_to_usd" time="0.013" /><testcase classname="backend.tests.test_stage32_apis.TestForexAPI" name="test_forex_conversion_thb_to_rub" time="0.011" /><testcase classname="backend.tests.test_stage32_apis.TestForexAPI" name="test_forex_conversion_thb_to_cny" time="0.018" /><testcase classname="backend.tests.test_stage32_apis.TestForexAPI" name="test_forex_auto_detect_currency" time="0.108" /><testcase classname="backend.tests.test_stage32_apis.TestGeoAPI" name="test_geo_detect_location" time="0.017" /><testcase classname="backend.tests.test_stage32_apis.TestGeoAPI" name="test_geo_returns_fallback_on_error" time="0.015" /><testcase classname="backend.tests.test_stage32_apis.TestPushAPI" name="test_push_get_template_list" time="0.520" /><testcase classname="backend.tests.test_stage32_apis.TestPushAPI" name="test_push_register_requires_params" time="0.012" /><testcase classname="backend.tests.test_stage32_apis.TestPushAPI" name="test_push_test_action_requires_token" time="0.015" /><testcase classname="backend.tests.test_stage32_apis.TestPushAPI" name="test_push_invalid_action" time="0.017" /><testcase classname="backend.tests.test_stage32_apis.TestPayoutCronAPI" name="test_payout_cron_unauthorized_without_secret" time="0.190" /><testcase classname="backend.tests.test_stage32_apis.TestPayoutCronAPI" name="test_payout_cron_status_with_secret" time="0.568" /><testcase classname="backend.tests.test_stage32_apis.TestPayoutCronAPI" name="test_payout_cron_post_unauthorized" time="0.012" /><testcase classname="backend.tests.test_stage32_apis.TestPayoutCronAPI" name="test_payout_cron_preview_thaw" time="0.262" /><testcase classname="backend.tests.test_stage32_apis.TestCheckInReminderCronAPI" name="test_checkin_cron_unauthorized_without_secret" time="0.316" /><testcase classname="backend.tests.test_stage32_apis.TestCheckInReminderCronAPI" name="test_checkin_cron_status_with_secret" time="0.268" /><testcase classname="backend.tests.test_stage32_apis.TestCheckInReminderCronAPI" name="test_checkin_cron_post_unauthorized" time="0.025" /><testcase classname="backend.tests.test_stage32_apis.TestIntegration" name="test_forex_and_geo_integration" time="2.894" /></testsuite></testsuites>