<?xml version="1.0" encoding="utf-8"?><testsuites name="pytest tests"><testsuite name="pytest" errors="0" failures="4" skipped="0" tests="8" time="2.142" timestamp="2026-03-03T15:35:28.968712+00:00" hostname="agent-env-c325362c-1be1-450d-a1ad-cc1fb45ba828"><testcase classname="test_reports.backend_api_tests.TestPWAIcons" name="test_icon_192x192_accessible" time="0.411" /><testcase classname="test_reports.backend_api_tests.TestPWAIcons" name="test_icon_512x512_accessible" time="0.238" /><testcase classname="test_reports.backend_api_tests.TestInvoiceAPI" name="test_invoice_validation_missing_fields" time="0.115"><failure message="AssertionError: Expected 400 for empty body, got 502&#10;assert 502 == 400&#10; +  where 502 = &lt;Response [502]&gt;.status_code">test_reports/backend_api_tests.py:43: in test_invoice_validation_missing_fields
    assert response.status_code == 400, f"Expected 400 for empty body, got {response.status_code}"
E   AssertionError: Expected 400 for empty body, got 502
E   assert 502 == 400
E    +  where 502 = &lt;Response [502]&gt;.status_code</failure></testcase><testcase classname="test_reports.backend_api_tests.TestInvoiceAPI" name="test_invoice_validation_missing_amount" time="0.167"><failure message="assert 502 == 400&#10; +  where 502 = &lt;Response [502]&gt;.status_code">test_reports/backend_api_tests.py:55: in test_invoice_validation_missing_amount
    assert response.status_code == 400
E   assert 502 == 400
E    +  where 502 = &lt;Response [502]&gt;.status_code</failure></testcase><testcase classname="test_reports.backend_api_tests.TestInvoiceAPI" name="test_invoice_validation_missing_sender" time="0.126"><failure message="assert 502 == 400&#10; +  where 502 = &lt;Response [502]&gt;.status_code">test_reports/backend_api_tests.py:65: in test_invoice_validation_missing_sender
    assert response.status_code == 400
E   assert 502 == 400
E    +  where 502 = &lt;Response [502]&gt;.status_code</failure></testcase><testcase classname="test_reports.backend_api_tests.TestInvoiceAPI" name="test_invoice_get_requires_params" time="0.164"><failure message="assert 502 == 400&#10; +  where 502 = &lt;Response [502]&gt;.status_code">test_reports/backend_api_tests.py:74: in test_invoice_get_requires_params
    assert response.status_code == 400
E   assert 502 == 400
E    +  where 502 = &lt;Response [502]&gt;.status_code</failure></testcase><testcase classname="test_reports.backend_api_tests.TestHomepage" name="test_homepage_loads" time="0.309" /><testcase classname="test_reports.backend_api_tests.TestHomepage" name="test_partner_portal_route" time="0.195" /></testsuite></testsuites>